#
# There is insufficient memory for the Java Runtime Environment to continue.
# Native memory allocation (mmap) failed to map 169869312 bytes for committing reserved memory.
# Possible reasons:
#   The system is out of physical RAM or swap space
#   In 32 bit mode, the process size limit was hit
# Possible solutions:
#   Reduce memory load on the system
#   Increase physical memory or swap space
#   Check if swap backing store is full
#   Use 64 bit Java on a 64 bit OS
#   Decrease Java heap size (-Xmx/-Xms)
#   Decrease number of Java threads
#   Decrease Java thread stack sizes (-Xss)
#   Set larger code cache with -XX:ReservedCodeCacheSize=
# This output file may be truncated or incomplete.
#
#  Out of Memory Error (os_linux.cpp:2627), pid=14164, tid=140624346687232
#
# JRE version: Java(TM) SE Runtime Environment (8.0_91-b14) (build 1.8.0_91-b14)
# Java VM: Java HotSpot(TM) 64-Bit Server VM (25.91-b14 mixed mode linux-amd64 compressed oops)
# Failed to write core dump. Core dumps have been disabled. To enable core dumping, try "ulimit -c unlimited" before starting Java again
#

---------------  T H R E A D  ---------------

Current thread (0x00007fe5a4078000):  VMThread [stack: 0x00007fe5a82b2000,0x00007fe5a83b3000] [id=14178]

Stack: [0x00007fe5a82b2000,0x00007fe5a83b3000],  sp=0x00007fe5a83b1320,  free space=1020k
Native frames: (J=compiled Java code, j=interpreted, Vv=VM code, C=native code)
V  [libjvm.so+0xabc18a]  VMError::report_and_die()+0x2ba
V  [libjvm.so+0x4fafeb]  report_vm_out_of_memory(char const*, int, unsigned long, VMErrorType, char const*)+0x8b
V  [libjvm.so+0x91cbb3]  os::Linux::commit_memory_impl(char*, unsigned long, bool)+0x103
V  [libjvm.so+0x91d109]  os::pd_commit_memory(char*, unsigned long, unsigned long, bool)+0x29
V  [libjvm.so+0x91740a]  os::commit_memory(char*, unsigned long, unsigned long, bool)+0x2a
V  [libjvm.so+0x98b033]  PSVirtualSpace::expand_by(unsigned long)+0x53
V  [libjvm.so+0x98c438]  PSYoungGen::resize_generation(unsigned long, unsigned long)+0xf8
V  [libjvm.so+0x98b592]  PSYoungGen::resize(unsigned long, unsigned long)+0x22
V  [libjvm.so+0x98886b]  PSScavenge::invoke_no_policy()+0xf3b
V  [libjvm.so+0x988ff1]  PSScavenge::invoke()+0x41
V  [libjvm.so+0x9408b0]  ParallelScavengeHeap::failed_mem_allocate(unsigned long)+0x70
V  [libjvm.so+0xabdba7]  VM_ParallelGCFailedAllocation::doit()+0x97
V  [libjvm.so+0xac55d5]  VM_Operation::evaluate()+0x55
V  [libjvm.so+0xac39aa]  VMThread::evaluate_operation(VM_Operation*)+0xba
V  [libjvm.so+0xac3d2e]  VMThread::loop()+0x1ce
V  [libjvm.so+0xac41a0]  VMThread::run()+0x70
V  [libjvm.so+0x91ef78]  java_start(Thread*)+0x108

VM_Operation (0x00007fe58dbf9850): ParallelGCFailedAllocation, mode: safepoint, requested by thread 0x00007fe5a413f000


---------------  P R O C E S S  ---------------

Java Threads: ( => current thread )
  0x00007fe5a413f000 JavaThread "pool-2-thread-4" [_thread_blocked, id=14191, stack(0x00007fe58dafb000,0x00007fe58dbfc000)]
  0x00007fe5a413d800 JavaThread "pool-2-thread-3" [_thread_blocked, id=14190, stack(0x00007fe58dbfc000,0x00007fe58dcfd000)]
  0x00007fe5a413c800 JavaThread "pool-2-thread-2" [_thread_blocked, id=14189, stack(0x00007fe58dcfd000,0x00007fe58ddfe000)]
  0x00007fe5a413a800 JavaThread "pool-3-thread-1" [_thread_blocked, id=14188, stack(0x00007fe58ddfe000,0x00007fe58deff000)]
  0x00007fe5a4138000 JavaThread "pool-2-thread-1" [_thread_blocked, id=14187, stack(0x00007fe58deff000,0x00007fe58e000000)]
  0x00007fe5a40c0000 JavaThread "Service Thread" daemon [_thread_blocked, id=14185, stack(0x00007fe59413c000,0x00007fe59423d000)]
  0x00007fe5a40bd000 JavaThread "C1 CompilerThread2" daemon [_thread_blocked, id=14184, stack(0x00007fe59423d000,0x00007fe59433e000)]
  0x00007fe5a40bb800 JavaThread "C2 CompilerThread1" daemon [_thread_blocked, id=14183, stack(0x00007fe59433e000,0x00007fe59443f000)]
  0x00007fe5a40b8800 JavaThread "C2 CompilerThread0" daemon [_thread_blocked, id=14182, stack(0x00007fe59443f000,0x00007fe594540000)]
  0x00007fe5a40b7000 JavaThread "Signal Dispatcher" daemon [_thread_blocked, id=14181, stack(0x00007fe594540000,0x00007fe594641000)]
  0x00007fe5a4084000 JavaThread "Finalizer" daemon [_thread_blocked, id=14180, stack(0x00007fe5a80b0000,0x00007fe5a81b1000)]
  0x00007fe5a407f800 JavaThread "Reference Handler" daemon [_thread_blocked, id=14179, stack(0x00007fe5a81b1000,0x00007fe5a82b2000)]
  0x00007fe5a400a000 JavaThread "main" [_thread_blocked, id=14166, stack(0x00007fe5ad95b000,0x00007fe5ada5c000)]

Other Threads:
=>0x00007fe5a4078000 VMThread [stack: 0x00007fe5a82b2000,0x00007fe5a83b3000] [id=14178]
  0x00007fe5a40c3000 WatcherThread [stack: 0x00007fe59403b000,0x00007fe59413c000] [id=14186]

VM state:at safepoint (normal execution)

VM Mutex/Monitor currently owned by a thread:  ([mutex/lock_event])
[0x00007fe5a40064f0] Threads_lock - owner thread: 0x00007fe5a4078000
[0x00007fe5a40069f0] Heap_lock - owner thread: 0x00007fe5a413f000

Heap:
 PSYoungGen      total 132096K, used 5118K [0x00000000eab00000, 0x00000000f3100000, 0x0000000100000000)
  eden space 126976K, 0% used [0x00000000eab00000,0x00000000eab00000,0x00000000f2700000)
  from space 5120K, 99% used [0x00000000f2700000,0x00000000f2bffad0,0x00000000f2c00000)
  to   space 5120K, 0% used [0x00000000f2c00000,0x00000000f2c00000,0x00000000f3100000)
 ParOldGen       total 84992K, used 41075K [0x00000000c0000000, 0x00000000c5300000, 0x00000000eab00000)
  object space 84992K, 48% used [0x00000000c0000000,0x00000000c281ce28,0x00000000c5300000)
 Metaspace       used 6224K, capacity 7128K, committed 7424K, reserved 1056768K
  class space    used 614K, capacity 656K, committed 768K, reserved 1048576K

Card table byte_map: [0x00007fe5aa510000,0x00007fe5aa711000] byte_map_base: 0x00007fe5a9f10000

Marking Bits: (ParMarkBitMap*) 0x00007fe5ace2ed60
 Begin Bits: [0x00007fe58e000000, 0x00007fe58f000000)
 End Bits:   [0x00007fe58f000000, 0x00007fe590000000)

Polling page: 0x00007fe5ada7d000

CodeCache: size=245760Kb used=6532Kb max_used=6550Kb free=239227Kb
 bounds [0x00007fe595000000, 0x00007fe595670000, 0x00007fe5a4000000]
 total_blobs=1865 nmethods=1597 adapters=182
 compilation: enabled

Compilation events (10 events):
Event: 7.248 Thread 0x00007fe5a40bd000 nmethod 1915 0x00007fe595654fd0 code [0x00007fe595655220, 0x00007fe595655f58]
Event: 7.248 Thread 0x00007fe5a40bd000 1921       3       com.android.dx.ssa.SsaMethod::convertRopToSsaBlocks (103 bytes)
Event: 7.250 Thread 0x00007fe5a40bd000 nmethod 1921 0x00007fe595656710 code [0x00007fe595656980, 0x00007fe595657b08]
Event: 7.250 Thread 0x00007fe5a40bd000 1918       3       com.android.dx.ssa.ConstCollector::getConstsSortedByCountUse (386 bytes)
Event: 7.256 Thread 0x00007fe5a40bd000 nmethod 1918 0x00007fe5956584d0 code [0x00007fe595658b00, 0x00007fe59565d368]
Event: 7.256 Thread 0x00007fe5a40bd000 1914       2       com.android.dx.ssa.back.FirstFitLocalCombiningAllocator::getLocalItemForReg (97 bytes)
Event: 7.257 Thread 0x00007fe5a40bd000 nmethod 1914 0x00007fe59565fe50 code [0x00007fe595660040, 0x00007fe595660558]
Event: 7.257 Thread 0x00007fe5a40bd000 1911       2       com.android.dx.ssa.PhiTypeResolver::resolveResultType (308 bytes)
Event: 9.556 Thread 0x00007fe5a40b8800 nmethod 1844 0x00007fe595665350 code [0x00007fe5956656e0, 0x00007fe5956670e8]
Event: 9.556 Thread 0x00007fe5a40b8800 1919       4       java.util.Arrays::copyOf (13 bytes)

GC Heap History (9 events):
Event: 2.549 GC heap before
{Heap before GC invocations=1 (full 0):
 PSYoungGen      total 36864K, used 31744K [0x00000000eab00000, 0x00000000ed400000, 0x0000000100000000)
  eden space 31744K, 100% used [0x00000000eab00000,0x00000000eca00000,0x00000000eca00000)
  from space 5120K, 0% used [0x00000000ecf00000,0x00000000ecf00000,0x00000000ed400000)
  to   space 5120K, 0% used [0x00000000eca00000,0x00000000eca00000,0x00000000ecf00000)
 ParOldGen       total 84992K, used 0K [0x00000000c0000000, 0x00000000c5300000, 0x00000000eab00000)
  object space 84992K, 0% used [0x00000000c0000000,0x00000000c0000000,0x00000000c5300000)
 Metaspace       used 5755K, capacity 6768K, committed 7040K, reserved 1056768K
  class space    used 593K, capacity 616K, committed 640K, reserved 1048576K
Event: 2.581 GC heap after
Heap after GC invocations=1 (full 0):
 PSYoungGen      total 36864K, used 5111K [0x00000000eab00000, 0x00000000ef300000, 0x0000000100000000)
  eden space 31744K, 0% used [0x00000000eab00000,0x00000000eab00000,0x00000000eca00000)
  from space 5120K, 99% used [0x00000000eca00000,0x00000000ecefdf68,0x00000000ecf00000)
  to   space 5120K, 0% used [0x00000000eee00000,0x00000000eee00000,0x00000000ef300000)
 ParOldGen       total 84992K, used 1196K [0x00000000c0000000, 0x00000000c5300000, 0x00000000eab00000)
  object space 84992K, 1% used [0x00000000c0000000,0x00000000c012b3a8,0x00000000c5300000)
 Metaspace       used 5755K, capacity 6768K, committed 7040K, reserved 1056768K
  class space    used 593K, capacity 616K, committed 640K, reserved 1048576K
}
Event: 3.602 GC heap before
{Heap before GC invocations=2 (full 0):
 PSYoungGen      total 36864K, used 36855K [0x00000000eab00000, 0x00000000ef300000, 0x0000000100000000)
  eden space 31744K, 100% used [0x00000000eab00000,0x00000000eca00000,0x00000000eca00000)
  from space 5120K, 99% used [0x00000000eca00000,0x00000000ecefdf68,0x00000000ecf00000)
  to   space 5120K, 0% used [0x00000000eee00000,0x00000000eee00000,0x00000000ef300000)
 ParOldGen       total 84992K, used 1196K [0x00000000c0000000, 0x00000000c5300000, 0x00000000eab00000)
  object space 84992K, 1% used [0x00000000c0000000,0x00000000c012b3a8,0x00000000c5300000)
 Metaspace       used 5837K, capacity 6832K, committed 7040K, reserved 1056768K
  class space    used 593K, capacity 616K, committed 640K, reserved 1048576K
Event: 3.707 GC heap after
Heap after GC invocations=2 (full 0):
 PSYoungGen      total 68608K, used 5116K [0x00000000eab00000, 0x00000000ef300000, 0x0000000100000000)
  eden space 63488K, 0% used [0x00000000eab00000,0x00000000eab00000,0x00000000ee900000)
  from space 5120K, 99% used [0x00000000eee00000,0x00000000ef2ff028,0x00000000ef300000)
  to   space 5120K, 0% used [0x00000000ee900000,0x00000000ee900000,0x00000000eee00000)
 ParOldGen       total 84992K, used 5392K [0x00000000c0000000, 0x00000000c5300000, 0x00000000eab00000)
  object space 84992K, 6% used [0x00000000c0000000,0x00000000c0544220,0x00000000c5300000)
 Metaspace       used 5837K, capacity 6832K, committed 7040K, reserved 1056768K
  class space    used 593K, capacity 616K, committed 640K, reserved 1048576K
}
Event: 4.801 GC heap before
{Heap before GC invocations=3 (full 0):
 PSYoungGen      total 68608K, used 68604K [0x00000000eab00000, 0x00000000ef300000, 0x0000000100000000)
  eden space 63488K, 100% used [0x00000000eab00000,0x00000000ee900000,0x00000000ee900000)
  from space 5120K, 99% used [0x00000000eee00000,0x00000000ef2ff028,0x00000000ef300000)
  to   space 5120K, 0% used [0x00000000ee900000,0x00000000ee900000,0x00000000eee00000)
 ParOldGen       total 84992K, used 5392K [0x00000000c0000000, 0x00000000c5300000, 0x00000000eab00000)
  object space 84992K, 6% used [0x00000000c0000000,0x00000000c0544220,0x00000000c5300000)
 Metaspace       used 5921K, capacity 6896K, committed 7040K, reserved 1056768K
  class space    used 594K, capacity 616K, committed 640K, reserved 1048576K
Event: 4.883 GC heap after
Heap after GC invocations=3 (full 0):
 PSYoungGen      total 68608K, used 5108K [0x00000000eab00000, 0x00000000f3100000, 0x0000000100000000)
  eden space 63488K, 0% used [0x00000000eab00000,0x00000000eab00000,0x00000000ee900000)
  from space 5120K, 99% used [0x00000000ee900000,0x00000000eedfd248,0x00000000eee00000)
  to   space 5120K, 0% used [0x00000000f2c00000,0x00000000f2c00000,0x00000000f3100000)
 ParOldGen       total 84992K, used 14583K [0x00000000c0000000, 0x00000000c5300000, 0x00000000eab00000)
  object space 84992K, 17% used [0x00000000c0000000,0x00000000c0e3dd40,0x00000000c5300000)
 Metaspace       used 5921K, capacity 6896K, committed 7040K, reserved 1056768K
  class space    used 594K, capacity 616K, committed 640K, reserved 1048576K
}
Event: 5.838 GC heap before
{Heap before GC invocations=4 (full 0):
 PSYoungGen      total 68608K, used 68596K [0x00000000eab00000, 0x00000000f3100000, 0x0000000100000000)
  eden space 63488K, 100% used [0x00000000eab00000,0x00000000ee900000,0x00000000ee900000)
  from space 5120K, 99% used [0x00000000ee900000,0x00000000eedfd248,0x00000000eee00000)
  to   space 5120K, 0% used [0x00000000f2c00000,0x00000000f2c00000,0x00000000f3100000)
 ParOldGen       total 84992K, used 14583K [0x00000000c0000000, 0x00000000c5300000, 0x00000000eab00000)
  object space 84992K, 17% used [0x00000000c0000000,0x00000000c0e3dd40,0x00000000c5300000)
 Metaspace       used 6086K, capacity 7000K, committed 7168K, reserved 1056768K
  class space    used 614K, capacity 656K, committed 768K, reserved 1048576K
Event: 5.924 GC heap after
Heap after GC invocations=4 (full 0):
 PSYoungGen      total 132096K, used 5098K [0x00000000eab00000, 0x00000000f3100000, 0x0000000100000000)
  eden space 126976K, 0% used [0x00000000eab00000,0x00000000eab00000,0x00000000f2700000)
  from space 5120K, 99% used [0x00000000f2c00000,0x00000000f30fabc0,0x00000000f3100000)
  to   space 5120K, 0% used [0x00000000f2700000,0x00000000f2700000,0x00000000f2c00000)
 ParOldGen       total 84992K, used 23433K [0x00000000c0000000, 0x00000000c5300000, 0x00000000eab00000)
  object space 84992K, 27% used [0x00000000c0000000,0x00000000c16e2740,0x00000000c5300000)
 Metaspace       used 6086K, capacity 7000K, committed 7168K, reserved 1056768K
  class space    used 614K, capacity 656K, committed 768K, reserved 1048576K
}
Event: 11.618 GC heap before
{Heap before GC invocations=5 (full 0):
 PSYoungGen      total 132096K, used 132074K [0x00000000eab00000, 0x00000000f3100000, 0x0000000100000000)
  eden space 126976K, 100% used [0x00000000eab00000,0x00000000f2700000,0x00000000f2700000)
  from space 5120K, 99% used [0x00000000f2c00000,0x00000000f30fabc0,0x00000000f3100000)
  to   space 5120K, 0% used [0x00000000f2700000,0x00000000f2700000,0x00000000f2c00000)
 ParOldGen       total 84992K, used 23433K [0x00000000c0000000, 0x00000000c5300000, 0x00000000eab00000)
  object space 84992K, 27% used [0x00000000c0000000,0x00000000c16e2740,0x00000000c5300000)
 Metaspace       used 6224K, capacity 7128K, committed 7424K, reserved 1056768K
  class space    used 614K, capacity 656K, committed 768K, reserved 1048576K

Deoptimization events (10 events):
Event: 1.645 Thread 0x00007fe5a413d800 Uncommon trap: reason=unstable_if action=reinterpret pc=0x00007fe59520a6bc method=java.util.HashMap.getNode(ILjava/lang/Object;)Ljava/util/HashMap$Node; @ 62
Event: 1.677 Thread 0x00007fe5a413f000 Uncommon trap: reason=unstable_if action=reinterpret pc=0x00007fe595216eec method=java.util.BitSet.nextSetBit(I)I @ 87
Event: 2.844 Thread 0x00007fe5a400a000 Uncommon trap: reason=null_check action=make_not_entrant pc=0x00007fe5952dadbc method=com.android.dx.ssa.SsaRenamer.getLocalForNewReg(I)Lcom/android/dx/rop/code/LocalItem; @ 19
Event: 2.864 Thread 0x00007fe5a413c800 Uncommon trap: reason=null_check action=make_not_entrant pc=0x00007fe5952cc2bc method=com.android.dx.ssa.SsaRenamer.getLocalForNewReg(I)Lcom/android/dx/rop/code/LocalItem; @ 19
Event: 3.553 Thread 0x00007fe5a4138000 Uncommon trap: reason=unstable_if action=reinterpret pc=0x00007fe59523d39c method=com.android.dx.rop.cst.Constant.compareTo(Lcom/android/dx/rop/cst/Constant;)I @ 12
Event: 5.620 Thread 0x00007fe5a413c800 Uncommon trap: reason=unstable_if action=reinterpret pc=0x00007fe5954620ec method=java.util.HashMap.putVal(ILjava/lang/Object;Ljava/lang/Object;ZZ)Ljava/lang/Object; @ 162
Event: 5.692 Thread 0x00007fe5a400a000 Uncommon trap: reason=unstable_if action=reinterpret pc=0x00007fe59521bbac method=java.util.HashMap.getNode(ILjava/lang/Object;)Ljava/util/HashMap$Node; @ 84
Event: 5.722 Thread 0x00007fe5a413d800 Uncommon trap: reason=unstable_if action=reinterpret pc=0x00007fe595230eb4 method=java.util.HashMap.getNode(ILjava/lang/Object;)Ljava/util/HashMap$Node; @ 84
Event: 6.245 Thread 0x00007fe5a413d800 Uncommon trap: reason=unstable_if action=reinterpret pc=0x00007fe59550d238 method=java.util.HashMap.getNode(ILjava/lang/Object;)Ljava/util/HashMap$Node; @ 84
Event: 6.620 Thread 0x00007fe5a413d800 Uncommon trap: reason=unstable_if action=reinterpret pc=0x00007fe5955da738 method=java.util.HashMap.putVal(ILjava/lang/Object;Ljava/lang/Object;ZZ)Ljava/lang/Object; @ 109

Internal exceptions (7 events):
Event: 0.114 Thread 0x00007fe5a400a000 Exception <a 'java/lang/NoSuchMethodError': Method sun.misc.Unsafe.defineClass(Ljava/lang/String;[BII)Ljava/lang/Class; name or signature does not match> (0x00000000eab07cc0) thrown at [/HUDSON/workspace/8-2-build-linux-amd64/jdk8u91/6644/hotspot/src/shar
Event: 0.114 Thread 0x00007fe5a400a000 Exception <a 'java/lang/NoSuchMethodError': Method sun.misc.Unsafe.prefetchRead(Ljava/lang/Object;J)V name or signature does not match> (0x00000000eab07fa8) thrown at [/HUDSON/workspace/8-2-build-linux-amd64/jdk8u91/6644/hotspot/src/share/vm/prims/jni.cpp
Event: 2.844 Thread 0x00007fe5a400a000 Implicit null exception at 0x00007fe5952d7d35 to 0x00007fe5952dad79
Event: 2.864 Thread 0x00007fe5a413c800 Implicit null exception at 0x00007fe5952c9ba6 to 0x00007fe5952cc299
Event: 5.664 Thread 0x00007fe5a413c800 Exception <a 'java/lang/ArrayIndexOutOfBoundsException': 18> (0x00000000edc0cc20) thrown at [/HUDSON/workspace/8-2-build-linux-amd64/jdk8u91/6644/hotspot/src/share/vm/interpreter/interpreterRuntime.cpp, line 366]
Event: 5.665 Thread 0x00007fe5a413c800 Exception <a 'java/lang/ArrayIndexOutOfBoundsException': 145> (0x00000000edc0e7a0) thrown at [/HUDSON/workspace/8-2-build-linux-amd64/jdk8u91/6644/hotspot/src/share/vm/interpreter/interpreterRuntime.cpp, line 366]
Event: 5.665 Thread 0x00007fe5a413c800 Exception <a 'java/lang/ArrayIndexOutOfBoundsException': 40> (0x00000000edc0fa88) thrown at [/HUDSON/workspace/8-2-build-linux-amd64/jdk8u91/6644/hotspot/src/share/vm/interpreter/interpreterRuntime.cpp, line 366]

Events (10 events):
Event: 7.064 Thread 0x00007fe5a413f000 DEOPT UNPACKING pc=0x00007fe595047633 sp=0x00007fe58dbf9ba0 mode 0
Event: 7.238 Thread 0x00007fe5a4138000 DEOPT PACKING pc=0x00007fe5954c8f49 sp=0x00007fe58dffddf0
Event: 7.238 Thread 0x00007fe5a4138000 DEOPT UNPACKING pc=0x00007fe595047633 sp=0x00007fe58dffdc28 mode 0
Event: 7.246 Thread 0x00007fe5a413d800 DEOPT PACKING pc=0x00007fe5954c7309 sp=0x00007fe58dcfaea0
Event: 7.246 Thread 0x00007fe5a413d800 DEOPT UNPACKING pc=0x00007fe595047633 sp=0x00007fe58dcfac80 mode 0
Event: 7.261 Thread 0x00007fe5a413f000 DEOPT PACKING pc=0x00007fe59549d557 sp=0x00007fe58dbf9c30
Event: 7.261 Thread 0x00007fe5a413f000 DEOPT UNPACKING pc=0x00007fe595047633 sp=0x00007fe58dbf9a10 mode 0
Event: 8.194 Thread 0x00007fe5a413f000 DEOPT PACKING pc=0x00007fe5954c1af7 sp=0x00007fe58dbf9ee0
Event: 8.495 Thread 0x00007fe5a413f000 DEOPT UNPACKING pc=0x00007fe595047633 sp=0x00007fe58dbf9c78 mode 0
Event: 10.270 Executing VM operation: ParallelGCFailedAllocation


Dynamic libraries:
00400000-00401000 r-xp 00000000 08:05 527569                             /usr/lib/jvm/java-8-oracle/bin/java
00600000-00601000 rw-p 00000000 08:05 527569                             /usr/lib/jvm/java-8-oracle/bin/java
01241000-01262000 rw-p 00000000 00:00 0                                  [heap]
c0000000-c5300000 rw-p 00000000 00:00 0 
c5300000-eab00000 ---p 00000000 00:00 0 
eab00000-f3100000 rw-p 00000000 00:00 0 
fd300000-100000000 ---p 00000000 00:00 0 
100000000-1000c0000 rw-p 00000000 00:00 0 
1000c0000-140000000 ---p 00000000 00:00 0 
7fe540000000-7fe54002c000 rw-p 00000000 00:00 0 
7fe54002c000-7fe544000000 ---p 00000000 00:00 0 
7fe548000000-7fe54802a000 rw-p 00000000 00:00 0 
7fe54802a000-7fe54c000000 ---p 00000000 00:00 0 
7fe54c000000-7fe54c021000 rw-p 00000000 00:00 0 
7fe54c021000-7fe550000000 ---p 00000000 00:00 0 
7fe550000000-7fe55003d000 rw-p 00000000 00:00 0 
7fe55003d000-7fe554000000 ---p 00000000 00:00 0 
7fe554000000-7fe554021000 rw-p 00000000 00:00 0 
7fe554021000-7fe558000000 ---p 00000000 00:00 0 
7fe558000000-7fe558021000 rw-p 00000000 00:00 0 
7fe558021000-7fe55c000000 ---p 00000000 00:00 0 
7fe55c000000-7fe55c021000 rw-p 00000000 00:00 0 
7fe55c021000-7fe560000000 ---p 00000000 00:00 0 
7fe560000000-7fe5608ad000 rw-p 00000000 00:00 0 
7fe5608ad000-7fe564000000 ---p 00000000 00:00 0 
7fe564000000-7fe5649f1000 rw-p 00000000 00:00 0 
7fe5649f1000-7fe568000000 ---p 00000000 00:00 0 
7fe568000000-7fe568021000 rw-p 00000000 00:00 0 
7fe568021000-7fe56c000000 ---p 00000000 00:00 0 
7fe56c000000-7fe56c6b9000 rw-p 00000000 00:00 0 
7fe56c6b9000-7fe570000000 ---p 00000000 00:00 0 
7fe570000000-7fe570021000 rw-p 00000000 00:00 0 
7fe570021000-7fe574000000 ---p 00000000 00:00 0 
7fe574000000-7fe574021000 rw-p 00000000 00:00 0 
7fe574021000-7fe578000000 ---p 00000000 00:00 0 
7fe578000000-7fe578021000 rw-p 00000000 00:00 0 
7fe578021000-7fe57c000000 ---p 00000000 00:00 0 
7fe57c000000-7fe57c28d000 rw-p 00000000 00:00 0 
7fe57c28d000-7fe580000000 ---p 00000000 00:00 0 
7fe580000000-7fe580021000 rw-p 00000000 00:00 0 
7fe580021000-7fe584000000 ---p 00000000 00:00 0 
7fe588000000-7fe588021000 rw-p 00000000 00:00 0 
7fe588021000-7fe58c000000 ---p 00000000 00:00 0 
7fe58dafb000-7fe58dafe000 ---p 00000000 00:00 0 
7fe58dafe000-7fe58dbfc000 rw-p 00000000 00:00 0 
7fe58dbfc000-7fe58dbff000 ---p 00000000 00:00 0 
7fe58dbff000-7fe58dcfd000 rw-p 00000000 00:00 0 
7fe58dcfd000-7fe58dd00000 ---p 00000000 00:00 0 
7fe58dd00000-7fe58ddfe000 rw-p 00000000 00:00 0 
7fe58ddfe000-7fe58de01000 ---p 00000000 00:00 0 
7fe58de01000-7fe58deff000 rw-p 00000000 00:00 0 
7fe58deff000-7fe58df02000 ---p 00000000 00:00 0 
7fe58df02000-7fe590000000 rw-p 00000000 00:00 0 
7fe590000000-7fe590021000 rw-p 00000000 00:00 0 
7fe590021000-7fe594000000 ---p 00000000 00:00 0 
7fe59403b000-7fe59403c000 ---p 00000000 00:00 0 
7fe59403c000-7fe59413c000 rw-p 00000000 00:00 0 
7fe59413c000-7fe59413f000 ---p 00000000 00:00 0 
7fe59413f000-7fe59423d000 rw-p 00000000 00:00 0 
7fe59423d000-7fe594240000 ---p 00000000 00:00 0 
7fe594240000-7fe59433e000 rw-p 00000000 00:00 0 
7fe59433e000-7fe594341000 ---p 00000000 00:00 0 
7fe594341000-7fe59443f000 rw-p 00000000 00:00 0 
7fe59443f000-7fe594442000 ---p 00000000 00:00 0 
7fe594442000-7fe594540000 rw-p 00000000 00:00 0 
7fe594540000-7fe594543000 ---p 00000000 00:00 0 
7fe594543000-7fe594641000 rw-p 00000000 00:00 0 
7fe594641000-7fe595000000 r--p 00000000 08:05 532144                     /usr/lib/locale/locale-archive
7fe595000000-7fe595670000 rwxp 00000000 00:00 0 
7fe595670000-7fe5a4000000 ---p 00000000 00:00 0 
7fe5a4000000-7fe5a4390000 rw-p 00000000 00:00 0 
7fe5a4390000-7fe5a8000000 ---p 00000000 00:00 0 
7fe5a8099000-7fe5a80a2000 r--s 0008c000 08:06 3675372                    /home/anshul/Downloads/Opinion2/app/build/intermediates/exploded-aar/com.android.support/appcompat-v7/23.4.0/jars/classes.jar
7fe5a80a2000-7fe5a80b0000 r--s 000e0000 08:06 6035012                    /home/anshul/Android/Sdk/build-tools/24.0.0/lib/dx.jar
7fe5a80b0000-7fe5a80b3000 ---p 00000000 00:00 0 
7fe5a80b3000-7fe5a81b1000 rw-p 00000000 00:00 0 
7fe5a81b1000-7fe5a81b4000 ---p 00000000 00:00 0 
7fe5a81b4000-7fe5a82b2000 rw-p 00000000 00:00 0 
7fe5a82b2000-7fe5a82b3000 ---p 00000000 00:00 0 
7fe5a82b3000-7fe5a9367000 rw-p 00000000 00:00 0 
7fe5a9367000-7fe5a9540000 r--s 03d1f000 08:05 536981                     /usr/lib/jvm/java-8-oracle/jre/lib/rt.jar
7fe5a9540000-7fe5a9c36000 rw-p 00000000 00:00 0 
7fe5a9c36000-7fe5a9db6000 ---p 00000000 00:00 0 
7fe5a9db6000-7fe5a9fb6000 rw-p 00000000 00:00 0 
7fe5a9fb6000-7fe5a9fb7000 ---p 00000000 00:00 0 
7fe5a9fb7000-7fe5aa0b7000 rw-p 00000000 00:00 0 
7fe5aa0b7000-7fe5aa0b8000 ---p 00000000 00:00 0 
7fe5aa0b8000-7fe5aa1b8000 rw-p 00000000 00:00 0 
7fe5aa1b8000-7fe5aa1b9000 ---p 00000000 00:00 0 
7fe5aa1b9000-7fe5aa2b9000 rw-p 00000000 00:00 0 
7fe5aa2b9000-7fe5aa2ba000 ---p 00000000 00:00 0 
7fe5aa2ba000-7fe5aa3e4000 rw-p 00000000 00:00 0 
7fe5aa3e4000-7fe5aa510000 ---p 00000000 00:00 0 
7fe5aa510000-7fe5aa53a000 rw-p 00000000 00:00 0 
7fe5aa53a000-7fe5aa665000 ---p 00000000 00:00 0 
7fe5aa665000-7fe5aa6a9000 rw-p 00000000 00:00 0 
7fe5aa6a9000-7fe5aa710000 ---p 00000000 00:00 0 
7fe5aa710000-7fe5aa72b000 rw-p 00000000 00:00 0 
7fe5aa72b000-7fe5aaad1000 ---p 00000000 00:00 0 
7fe5aaad1000-7fe5aaaeb000 r-xp 00000000 08:05 537183                     /usr/lib/jvm/java-8-oracle/jre/lib/amd64/libzip.so
7fe5aaaeb000-7fe5aaceb000 ---p 0001a000 08:05 537183                     /usr/lib/jvm/java-8-oracle/jre/lib/amd64/libzip.so
7fe5aaceb000-7fe5aacec000 rw-p 0001a000 08:05 537183                     /usr/lib/jvm/java-8-oracle/jre/lib/amd64/libzip.so
7fe5aacec000-7fe5aacf7000 r-xp 00000000 08:05 2888761                    /lib/x86_64-linux-gnu/libnss_files-2.23.so
7fe5aacf7000-7fe5aaef6000 ---p 0000b000 08:05 2888761                    /lib/x86_64-linux-gnu/libnss_files-2.23.so
7fe5aaef6000-7fe5aaef7000 r--p 0000a000 08:05 2888761                    /lib/x86_64-linux-gnu/libnss_files-2.23.so
7fe5aaef7000-7fe5aaef8000 rw-p 0000b000 08:05 2888761                    /lib/x86_64-linux-gnu/libnss_files-2.23.so
7fe5aaef8000-7fe5aaefe000 rw-p 00000000 00:00 0 
7fe5aaefe000-7fe5aaf09000 r-xp 00000000 08:05 2888771                    /lib/x86_64-linux-gnu/libnss_nis-2.23.so
7fe5aaf09000-7fe5ab108000 ---p 0000b000 08:05 2888771                    /lib/x86_64-linux-gnu/libnss_nis-2.23.so
7fe5ab108000-7fe5ab109000 r--p 0000a000 08:05 2888771                    /lib/x86_64-linux-gnu/libnss_nis-2.23.so
7fe5ab109000-7fe5ab10a000 rw-p 0000b000 08:05 2888771                    /lib/x86_64-linux-gnu/libnss_nis-2.23.so
7fe5ab10a000-7fe5ab120000 r-xp 00000000 08:05 2888755                    /lib/x86_64-linux-gnu/libnsl-2.23.so
7fe5ab120000-7fe5ab31f000 ---p 00016000 08:05 2888755                    /lib/x86_64-linux-gnu/libnsl-2.23.so
7fe5ab31f000-7fe5ab320000 r--p 00015000 08:05 2888755                    /lib/x86_64-linux-gnu/libnsl-2.23.so
7fe5ab320000-7fe5ab321000 rw-p 00016000 08:05 2888755                    /lib/x86_64-linux-gnu/libnsl-2.23.so
7fe5ab321000-7fe5ab323000 rw-p 00000000 00:00 0 
7fe5ab323000-7fe5ab32b000 r-xp 00000000 08:05 2888757                    /lib/x86_64-linux-gnu/libnss_compat-2.23.so
7fe5ab32b000-7fe5ab52a000 ---p 00008000 08:05 2888757                    /lib/x86_64-linux-gnu/libnss_compat-2.23.so
7fe5ab52a000-7fe5ab52b000 r--p 00007000 08:05 2888757                    /lib/x86_64-linux-gnu/libnss_compat-2.23.so
7fe5ab52b000-7fe5ab52c000 rw-p 00008000 08:05 2888757                    /lib/x86_64-linux-gnu/libnss_compat-2.23.so
7fe5ab52c000-7fe5ab556000 r-xp 00000000 08:05 537178                     /usr/lib/jvm/java-8-oracle/jre/lib/amd64/libjava.so
7fe5ab556000-7fe5ab756000 ---p 0002a000 08:05 537178                     /usr/lib/jvm/java-8-oracle/jre/lib/amd64/libjava.so
7fe5ab756000-7fe5ab758000 rw-p 0002a000 08:05 537178                     /usr/lib/jvm/java-8-oracle/jre/lib/amd64/libjava.so
7fe5ab758000-7fe5ab765000 r-xp 00000000 08:05 537182                     /usr/lib/jvm/java-8-oracle/jre/lib/amd64/libverify.so
7fe5ab765000-7fe5ab965000 ---p 0000d000 08:05 537182                     /usr/lib/jvm/java-8-oracle/jre/lib/amd64/libverify.so
7fe5ab965000-7fe5ab967000 rw-p 0000d000 08:05 537182                     /usr/lib/jvm/java-8-oracle/jre/lib/amd64/libverify.so
7fe5ab967000-7fe5ab96e000 r-xp 00000000 08:05 2888816                    /lib/x86_64-linux-gnu/librt-2.23.so
7fe5ab96e000-7fe5abb6d000 ---p 00007000 08:05 2888816                    /lib/x86_64-linux-gnu/librt-2.23.so
7fe5abb6d000-7fe5abb6e000 r--p 00006000 08:05 2888816                    /lib/x86_64-linux-gnu/librt-2.23.so
7fe5abb6e000-7fe5abb6f000 rw-p 00007000 08:05 2888816                    /lib/x86_64-linux-gnu/librt-2.23.so
7fe5abb6f000-7fe5abc77000 r-xp 00000000 08:05 2888732                    /lib/x86_64-linux-gnu/libm-2.23.so
7fe5abc77000-7fe5abe76000 ---p 00108000 08:05 2888732                    /lib/x86_64-linux-gnu/libm-2.23.so
7fe5abe76000-7fe5abe77000 r--p 00107000 08:05 2888732                    /lib/x86_64-linux-gnu/libm-2.23.so
7fe5abe77000-7fe5abe78000 rw-p 00108000 08:05 2888732                    /lib/x86_64-linux-gnu/libm-2.23.so
7fe5abe78000-7fe5acb38000 r-xp 00000000 08:05 537161                     /usr/lib/jvm/java-8-oracle/jre/lib/amd64/server/libjvm.so
7fe5acb38000-7fe5acd38000 ---p 00cc0000 08:05 537161                     /usr/lib/jvm/java-8-oracle/jre/lib/amd64/server/libjvm.so
7fe5acd38000-7fe5ace10000 rw-p 00cc0000 08:05 537161                     /usr/lib/jvm/java-8-oracle/jre/lib/amd64/server/libjvm.so
7fe5ace10000-7fe5ace5b000 rw-p 00000000 00:00 0 
7fe5ace5b000-7fe5ad01b000 r-xp 00000000 08:05 2888662                    /lib/x86_64-linux-gnu/libc-2.23.so
7fe5ad01b000-7fe5ad21a000 ---p 001c0000 08:05 2888662                    /lib/x86_64-linux-gnu/libc-2.23.so
7fe5ad21a000-7fe5ad21e000 r--p 001bf000 08:05 2888662                    /lib/x86_64-linux-gnu/libc-2.23.so
7fe5ad21e000-7fe5ad220000 rw-p 001c3000 08:05 2888662                    /lib/x86_64-linux-gnu/libc-2.23.so
7fe5ad220000-7fe5ad224000 rw-p 00000000 00:00 0 
7fe5ad224000-7fe5ad227000 r-xp 00000000 08:05 2888686                    /lib/x86_64-linux-gnu/libdl-2.23.so
7fe5ad227000-7fe5ad426000 ---p 00003000 08:05 2888686                    /lib/x86_64-linux-gnu/libdl-2.23.so
7fe5ad426000-7fe5ad427000 r--p 00002000 08:05 2888686                    /lib/x86_64-linux-gnu/libdl-2.23.so
7fe5ad427000-7fe5ad428000 rw-p 00003000 08:05 2888686                    /lib/x86_64-linux-gnu/libdl-2.23.so
7fe5ad428000-7fe5ad43d000 r-xp 00000000 08:05 536796                     /usr/lib/jvm/java-8-oracle/lib/amd64/jli/libjli.so
7fe5ad43d000-7fe5ad63d000 ---p 00015000 08:05 536796                     /usr/lib/jvm/java-8-oracle/lib/amd64/jli/libjli.so
7fe5ad63d000-7fe5ad63e000 rw-p 00015000 08:05 536796                     /usr/lib/jvm/java-8-oracle/lib/amd64/jli/libjli.so
7fe5ad63e000-7fe5ad656000 r-xp 00000000 08:05 2888808                    /lib/x86_64-linux-gnu/libpthread-2.23.so
7fe5ad656000-7fe5ad855000 ---p 00018000 08:05 2888808                    /lib/x86_64-linux-gnu/libpthread-2.23.so
7fe5ad855000-7fe5ad856000 r--p 00017000 08:05 2888808                    /lib/x86_64-linux-gnu/libpthread-2.23.so
7fe5ad856000-7fe5ad857000 rw-p 00018000 08:05 2888808                    /lib/x86_64-linux-gnu/libpthread-2.23.so
7fe5ad857000-7fe5ad85b000 rw-p 00000000 00:00 0 
7fe5ad85b000-7fe5ad881000 r-xp 00000000 08:05 2888634                    /lib/x86_64-linux-gnu/ld-2.23.so
7fe5ad889000-7fe5ad95b000 rw-p 00000000 00:00 0 
7fe5ad95b000-7fe5ad95e000 ---p 00000000 00:00 0 
7fe5ad95e000-7fe5ada74000 rw-p 00000000 00:00 0 
7fe5ada74000-7fe5ada7c000 rw-s 00000000 08:05 3146396                    /tmp/hsperfdata_anshul/14164
7fe5ada7c000-7fe5ada7d000 rw-p 00000000 00:00 0 
7fe5ada7d000-7fe5ada7e000 ---p 00000000 00:00 0 
7fe5ada7e000-7fe5ada80000 rw-p 00000000 00:00 0 
7fe5ada80000-7fe5ada81000 r--p 00025000 08:05 2888634                    /lib/x86_64-linux-gnu/ld-2.23.so
7fe5ada81000-7fe5ada82000 rw-p 00026000 08:05 2888634                    /lib/x86_64-linux-gnu/ld-2.23.so
7fe5ada82000-7fe5ada83000 rw-p 00000000 00:00 0 
7ffc2ec0a000-7ffc2ec2b000 rw-p 00000000 00:00 0                          [stack]
7ffc2eddd000-7ffc2eddf000 r--p 00000000 00:00 0                          [vvar]
7ffc2eddf000-7ffc2ede1000 r-xp 00000000 00:00 0                          [vdso]
ffffffffff600000-ffffffffff601000 r-xp 00000000 00:00 0                  [vsyscall]

VM Arguments:
jvm_args: -Djava.awt.headless=true -Xmx1024M -Dfile.encoding=UTF-8 -Duser.country=IN -Duser.language=en -Duser.variant 
java_command: com.android.dx.command.Main --dex --force-jumbo --num-threads=4 --multi-dex --output /home/anshul/Downloads/Opinion2/app/build/intermediates/transforms/dex/debug/folders/1000/10/com.android.support-appcompat-v7-23.4.0_2dd213fffcec8d53286560d15ba6c237e0923a6e /home/anshul/Downloads/Opinion2/app/build/intermediates/exploded-aar/com.android.support/appcompat-v7/23.4.0/jars/classes.jar
java_class_path (initial): /home/anshul/Android/Sdk/build-tools/24.0.0/lib/dx.jar
Launcher Type: SUN_STANDARD

Environment Variables:
JAVA_HOME=/usr/lib/jvm/java-8-oracle
PATH=/usr/local/sbin:/usr/local/bin:/usr/sbin:/usr/bin:/sbin:/bin:/usr/games:/usr/local/games:/snap/bin:/usr/lib/jvm/java-8-oracle/bin:/usr/lib/jvm/java-8-oracle/db/bin:/usr/lib/jvm/java-8-oracle/jre/bin
SHELL=/bin/bash
DISPLAY=:0

Signal Handlers:
SIGSEGV: [libjvm.so+0xabca10], sa_mask[0]=11111111011111111101111111111110, sa_flags=SA_RESTART|SA_SIGINFO
SIGBUS: [libjvm.so+0xabca10], sa_mask[0]=11111111011111111101111111111110, sa_flags=SA_RESTART|SA_SIGINFO
SIGFPE: [libjvm.so+0x919a20], sa_mask[0]=11111111011111111101111111111110, sa_flags=SA_RESTART|SA_SIGINFO
SIGPIPE: [libjvm.so+0x919a20], sa_mask[0]=11111111011111111101111111111110, sa_flags=SA_RESTART|SA_SIGINFO
SIGXFSZ: [libjvm.so+0x919a20], sa_mask[0]=11111111011111111101111111111110, sa_flags=SA_RESTART|SA_SIGINFO
SIGILL: [libjvm.so+0x919a20], sa_mask[0]=11111111011111111101111111111110, sa_flags=SA_RESTART|SA_SIGINFO
SIGUSR1: SIG_DFL, sa_mask[0]=00000000000000000000000000000000, sa_flags=none
SIGUSR2: [libjvm.so+0x91b050], sa_mask[0]=00100000000000000000000000000000, sa_flags=SA_RESTART|SA_SIGINFO
SIGHUP: [libjvm.so+0x91c450], sa_mask[0]=11111111011111111101111111111110, sa_flags=SA_RESTART|SA_SIGINFO
SIGINT: [libjvm.so+0x91c450], sa_mask[0]=11111111011111111101111111111110, sa_flags=SA_RESTART|SA_SIGINFO
SIGTERM: [libjvm.so+0x91c450], sa_mask[0]=11111111011111111101111111111110, sa_flags=SA_RESTART|SA_SIGINFO
SIGQUIT: [libjvm.so+0x91c450], sa_mask[0]=11111111011111111101111111111110, sa_flags=SA_RESTART|SA_SIGINFO


---------------  S Y S T E M  ---------------

OS:DISTRIB_ID=Ubuntu
DISTRIB_RELEASE=16.04
DISTRIB_CODENAME=xenial
DISTRIB_DESCRIPTION="Ubuntu 16.04 LTS"

uname:Linux 4.4.0-57-generic #78-Ubuntu SMP Fri Dec 9 23:50:32 UTC 2016 x86_64
libc:glibc 2.23 NPTL 2.23 
rlimit: STACK 8192k, CORE 0k, NPROC 31521, NOFILE 65536, AS infinity
load average:67.60 31.34 12.50

/proc/meminfo:
MemTotal:        8109784 kB
MemFree:          127668 kB
MemAvailable:      39796 kB
Buffers:            1312 kB
Cached:           386472 kB
SwapCached:            0 kB
Active:          7382084 kB
Inactive:         345016 kB
Active(anon):    7366860 kB
Inactive(anon):   319668 kB
Active(file):      15224 kB
Inactive(file):    25348 kB
Unevictable:         368 kB
Mlocked:             368 kB
SwapTotal:             0 kB
SwapFree:              0 kB
Dirty:               332 kB
Writeback:             0 kB
AnonPages:       7340088 kB
Mapped:           134268 kB
Shmem:            346808 kB
Slab:             111296 kB
SReclaimable:      61752 kB
SUnreclaim:        49544 kB
KernelStack:       17040 kB
PageTables:        63432 kB
NFS_Unstable:          0 kB
Bounce:                0 kB
WritebackTmp:          0 kB
CommitLimit:     4054892 kB
Committed_AS:   13989732 kB
VmallocTotal:   34359738367 kB
VmallocUsed:           0 kB
VmallocChunk:          0 kB
HardwareCorrupted:     0 kB
AnonHugePages:   2025472 kB
CmaTotal:              0 kB
CmaFree:               0 kB
HugePages_Total:       0
HugePages_Free:        0
HugePages_Rsvd:        0
HugePages_Surp:        0
Hugepagesize:       2048 kB
DirectMap4k:      312000 kB
DirectMap2M:     8011776 kB
DirectMap1G:     1048576 kB


CPU:total 4 (2 cores per cpu, 2 threads per core) family 6 model 69 stepping 1, cmov, cx8, fxsr, mmx, sse, sse2, sse3, ssse3, sse4.1, sse4.2, popcnt, avx, avx2, aes, clmul, erms, lzcnt, ht, tsc, tscinvbit, bmi1, bmi2

/proc/cpuinfo:
processor	: 0
vendor_id	: GenuineIntel
cpu family	: 6
model		: 69
model name	: Intel(R) Core(TM) i5-4210U CPU @ 1.70GHz
stepping	: 1
microcode	: 0x1c
cpu MHz		: 1537.875
cache size	: 3072 KB
physical id	: 0
siblings	: 4
core id		: 0
cpu cores	: 2
apicid		: 0
initial apicid	: 0
fpu		: yes
fpu_exception	: yes
cpuid level	: 13
wp		: yes
flags		: fpu vme de pse tsc msr pae mce cx8 apic sep mtrr pge mca cmov pat pse36 clflush dts acpi mmx fxsr sse sse2 ss ht tm pbe syscall nx pdpe1gb rdtscp lm constant_tsc arch_perfmon pebs bts rep_good nopl xtopology nonstop_tsc aperfmperf eagerfpu pni pclmulqdq dtes64 monitor ds_cpl vmx est tm2 ssse3 sdbg fma cx16 xtpr pdcm pcid sse4_1 sse4_2 movbe popcnt tsc_deadline_timer aes xsave avx f16c rdrand lahf_lm abm epb tpr_shadow vnmi flexpriority ept vpid fsgsbase tsc_adjust bmi1 avx2 smep bmi2 erms invpcid xsaveopt dtherm ida arat pln pts
bugs		:
bogomips	: 4788.86
clflush size	: 64
cache_alignment	: 64
address sizes	: 39 bits physical, 48 bits virtual
power management:

processor	: 1
vendor_id	: GenuineIntel
cpu family	: 6
model		: 69
model name	: Intel(R) Core(TM) i5-4210U CPU @ 1.70GHz
stepping	: 1
microcode	: 0x1c
cpu MHz		: 1645.687
cache size	: 3072 KB
physical id	: 0
siblings	: 4
core id		: 0
cpu cores	: 2
apicid		: 1
initial apicid	: 1
fpu		: yes
fpu_exception	: yes
cpuid level	: 13
wp		: yes
flags		: fpu vme de pse tsc msr pae mce cx8 apic sep mtrr pge mca cmov pat pse36 clflush dts acpi mmx fxsr sse sse2 ss ht tm pbe syscall nx pdpe1gb rdtscp lm constant_tsc arch_perfmon pebs bts rep_good nopl xtopology nonstop_tsc aperfmperf eagerfpu pni pclmulqdq dtes64 monitor ds_cpl vmx est tm2 ssse3 sdbg fma cx16 xtpr pdcm pcid sse4_1 sse4_2 movbe popcnt tsc_deadline_timer aes xsave avx f16c rdrand lahf_lm abm epb tpr_shadow vnmi flexpriority ept vpid fsgsbase tsc_adjust bmi1 avx2 smep bmi2 erms invpcid xsaveopt dtherm ida arat pln pts
bugs		:
bogomips	: 4788.86
clflush size	: 64
cache_alignment	: 64
address sizes	: 39 bits physical, 48 bits virtual
power management:

processor	: 2
vendor_id	: GenuineIntel
cpu family	: 6
model		: 69
model name	: Intel(R) Core(TM) i5-4210U CPU @ 1.70GHz
stepping	: 1
microcode	: 0x1c
cpu MHz		: 1570.781
cache size	: 3072 KB
physical id	: 0
siblings	: 4
core id		: 1
cpu cores	: 2
apicid		: 2
initial apicid	: 2
fpu		: yes
fpu_exception	: yes
cpuid level	: 13
wp		: yes
flags		: fpu vme de pse tsc msr pae mce cx8 apic sep mtrr pge mca cmov pat pse36 clflush dts acpi mmx fxsr sse sse2 ss ht tm pbe syscall nx pdpe1gb rdtscp lm constant_tsc arch_perfmon pebs bts rep_good nopl xtopology nonstop_tsc aperfmperf eagerfpu pni pclmulqdq dtes64 monitor ds_cpl vmx est tm2 ssse3 sdbg fma cx16 xtpr pdcm pcid sse4_1 sse4_2 movbe popcnt tsc_deadline_timer aes xsave avx f16c rdrand lahf_lm abm epb tpr_shadow vnmi flexpriority ept vpid fsgsbase tsc_adjust bmi1 avx2 smep bmi2 erms invpcid xsaveopt dtherm ida arat pln pts
bugs		:
bogomips	: 4788.86
clflush size	: 64
cache_alignment	: 64
address sizes	: 39 bits physical, 48 bits virtual
power management:

processor	: 3
vendor_id	: GenuineIntel
cpu family	: 6
model		: 69
model name	: Intel(R) Core(TM) i5-4210U CPU @ 1.70GHz
stepping	: 1
microcode	: 0x1c
cpu MHz		: 1608.562
cache size	: 3072 KB
physical id	: 0
siblings	: 4
core id		: 1
cpu cores	: 2
apicid		: 3
initial apicid	: 3
fpu		: yes
fpu_exception	: yes
cpuid level	: 13
wp		: yes
flags		: fpu vme de pse tsc msr pae mce cx8 apic sep mtrr pge mca cmov pat pse36 clflush dts acpi mmx fxsr sse sse2 ss ht tm pbe syscall nx pdpe1gb rdtscp lm constant_tsc arch_perfmon pebs bts rep_good nopl xtopology nonstop_tsc aperfmperf eagerfpu pni pclmulqdq dtes64 monitor ds_cpl vmx est tm2 ssse3 sdbg fma cx16 xtpr pdcm pcid sse4_1 sse4_2 movbe popcnt tsc_deadline_timer aes xsave avx f16c rdrand lahf_lm abm epb tpr_shadow vnmi flexpriority ept vpid fsgsbase tsc_adjust bmi1 avx2 smep bmi2 erms invpcid xsaveopt dtherm ida arat pln pts
bugs		:
bogomips	: 4788.86
clflush size	: 64
cache_alignment	: 64
address sizes	: 39 bits physical, 48 bits virtual
power management:



Memory: 4k page, physical 8109784k(127420k free), swap 0k(0k free)

vm_info: Java HotSpot(TM) 64-Bit Server VM (25.91-b14) for linux-amd64 JRE (1.8.0_91-b14), built on Apr  1 2016 00:57:21 by "java_re" with gcc 4.3.0 20080428 (Red Hat 4.3.0-8)

time: Tue Dec 27 05:31:51 2016
elapsed time: 159 seconds (0d 0h 2m 39s)

