#
# There is insufficient memory for the Java Runtime Environment to continue.
# Native memory allocation (mmap) failed to map 250609664 bytes for committing reserved memory.
# Possible reasons:
#   The system is out of physical RAM or swap space
#   In 32 bit mode, the process size limit was hit
# Possible solutions:
#   Reduce memory load on the system
#   Increase physical memory or swap space
#   Check if swap backing store is full
#   Use 64 bit Java on a 64 bit OS
#   Decrease Java heap size (-Xmx/-Xms)
#   Decrease number of Java threads
#   Decrease Java thread stack sizes (-Xss)
#   Set larger code cache with -XX:ReservedCodeCacheSize=
# This output file may be truncated or incomplete.
#
#  Out of Memory Error (os_linux.cpp:2627), pid=13860, tid=140129839032064
#
# JRE version: Java(TM) SE Runtime Environment (8.0_91-b14) (build 1.8.0_91-b14)
# Java VM: Java HotSpot(TM) 64-Bit Server VM (25.91-b14 mixed mode linux-amd64 compressed oops)
# Failed to write core dump. Core dumps have been disabled. To enable core dumping, try "ulimit -c unlimited" before starting Java again
#

---------------  T H R E A D  ---------------

Current thread (0x00007f7298078000):  VMThread [stack: 0x00007f7285372000,0x00007f7285473000] [id=13870]

Stack: [0x00007f7285372000,0x00007f7285473000],  sp=0x00007f72854713a0,  free space=1020k
Native frames: (J=compiled Java code, j=interpreted, Vv=VM code, C=native code)
V  [libjvm.so+0xabc18a]  VMError::report_and_die()+0x2ba
V  [libjvm.so+0x4fafeb]  report_vm_out_of_memory(char const*, int, unsigned long, VMErrorType, char const*)+0x8b
V  [libjvm.so+0x91cbb3]  os::Linux::commit_memory_impl(char*, unsigned long, bool)+0x103
V  [libjvm.so+0x91d109]  os::pd_commit_memory(char*, unsigned long, unsigned long, bool)+0x29
V  [libjvm.so+0x91740a]  os::commit_memory(char*, unsigned long, unsigned long, bool)+0x2a
V  [libjvm.so+0x98b033]  PSVirtualSpace::expand_by(unsigned long)+0x53
V  [libjvm.so+0x97b920]  PSOldGen::expand(unsigned long)+0x170
V  [libjvm.so+0x97bb2b]  PSOldGen::resize(unsigned long)+0x1cb
V  [libjvm.so+0x983801]  PSParallelCompact::invoke_no_policy(bool)+0x991
V  [libjvm.so+0x98915d]  PSScavenge::invoke()+0x1ad
V  [libjvm.so+0x9408b0]  ParallelScavengeHeap::failed_mem_allocate(unsigned long)+0x70
V  [libjvm.so+0xabdba7]  VM_ParallelGCFailedAllocation::doit()+0x97
V  [libjvm.so+0xac55d5]  VM_Operation::evaluate()+0x55
V  [libjvm.so+0xac39aa]  VMThread::evaluate_operation(VM_Operation*)+0xba
V  [libjvm.so+0xac3d2e]  VMThread::loop()+0x1ce
V  [libjvm.so+0xac41a0]  VMThread::run()+0x70
V  [libjvm.so+0x91ef78]  java_start(Thread*)+0x108

VM_Operation (0x00007f728419af90): ParallelGCFailedAllocation, mode: safepoint, requested by thread 0x00007f729812f000


---------------  P R O C E S S  ---------------

Java Threads: ( => current thread )
  0x00007f7298134000 JavaThread "pool-3-thread-1" [_thread_blocked, id=13888, stack(0x00007f724feff000,0x00007f7250000000)]
  0x00007f729812f000 JavaThread "pool-2-thread-1" [_thread_blocked, id=13887, stack(0x00007f728409c000,0x00007f728419d000)]
  0x00007f72980c0000 JavaThread "Service Thread" daemon [_thread_blocked, id=13877, stack(0x00007f72842ac000,0x00007f72843ad000)]
  0x00007f72980bd000 JavaThread "C1 CompilerThread2" daemon [_thread_blocked, id=13876, stack(0x00007f72843ad000,0x00007f72844ae000)]
  0x00007f72980bb800 JavaThread "C2 CompilerThread1" daemon [_thread_blocked, id=13875, stack(0x00007f72844ae000,0x00007f72845af000)]
  0x00007f72980b8800 JavaThread "C2 CompilerThread0" daemon [_thread_blocked, id=13874, stack(0x00007f72845af000,0x00007f72846b0000)]
  0x00007f72980b7000 JavaThread "Signal Dispatcher" daemon [_thread_blocked, id=13873, stack(0x00007f72846b0000,0x00007f72847b1000)]
  0x00007f7298084000 JavaThread "Finalizer" daemon [_thread_blocked, id=13872, stack(0x00007f7285170000,0x00007f7285271000)]
  0x00007f729807f800 JavaThread "Reference Handler" daemon [_thread_blocked, id=13871, stack(0x00007f7285271000,0x00007f7285372000)]
  0x00007f729800a000 JavaThread "main" [_thread_blocked, id=13862, stack(0x00007f729fa1d000,0x00007f729fb1e000)]

Other Threads:
=>0x00007f7298078000 VMThread [stack: 0x00007f7285372000,0x00007f7285473000] [id=13870]
  0x00007f72980c3000 WatcherThread [stack: 0x00007f72841ab000,0x00007f72842ac000] [id=13878]

VM state:at safepoint (normal execution)

VM Mutex/Monitor currently owned by a thread:  ([mutex/lock_event])
[0x00007f7298005e50] ExpandHeap_lock - owner thread: 0x00007f7298078000
[0x00007f72980064d0] Threads_lock - owner thread: 0x00007f7298078000
[0x00007f72980069d0] Heap_lock - owner thread: 0x00007f729812f000

Heap:
 PSYoungGen      total 232960K, used 0K [0x00000000eab00000, 0x0000000100000000, 0x0000000100000000)
  eden space 116736K, 0% used [0x00000000eab00000,0x00000000eab00000,0x00000000f1d00000)
  from space 116224K, 0% used [0x00000000f1d00000,0x00000000f1d00000,0x00000000f8e80000)
  to   space 116224K, 0% used [0x00000000f8e80000,0x00000000f8e80000,0x0000000100000000)
 ParOldGen       total 442880K, used 430590K [0x00000000c0000000, 0x00000000db080000, 0x00000000eab00000)
  object space 442880K, 97% used [0x00000000c0000000,0x00000000da47fa30,0x00000000db080000)
 Metaspace       used 5992K, capacity 6936K, committed 7168K, reserved 1056768K
  class space    used 604K, capacity 656K, committed 768K, reserved 1048576K

Card table byte_map: [0x00007f729c5d2000,0x00007f729c7d3000] byte_map_base: 0x00007f729bfd2000

Marking Bits: (ParMarkBitMap*) 0x00007f729eef0d60
 Begin Bits: [0x00007f7287000000, 0x00007f7288000000)
 End Bits:   [0x00007f7288000000, 0x00007f7289000000)

Polling page: 0x00007f729fb3f000

CodeCache: size=245760Kb used=7176Kb max_used=7188Kb free=238583Kb
 bounds [0x00007f7289000000, 0x00007f7289720000, 0x00007f7298000000]
 total_blobs=1809 nmethods=1541 adapters=181
 compilation: enabled

Compilation events (10 events):
Event: 190.263 Thread 0x00007f72980b8800 nmethod 1686% 0x00007f72896fe750 code [0x00007f72896fe920, 0x00007f72896feee8]
Event: 190.263 Thread 0x00007f72980b8800 1685       4       com.android.dx.ssa.back.IdenticalBlockCombiner::combineBlocks (102 bytes)
Event: 190.355 Thread 0x00007f72980b8800 nmethod 1685 0x00007f7289708f50 code [0x00007f72897091e0, 0x00007f728970acd0]
Event: 190.355 Thread 0x00007f72980b8800 1678       4       com.android.dx.ssa.NormalSsaInsn::toRopInsn (19 bytes)
Event: 190.357 Thread 0x00007f72980b8800 nmethod 1678 0x00007f72896de750 code [0x00007f72896de8a0, 0x00007f72896de938]
Event: 190.357 Thread 0x00007f72980b8800 1689       4       com.android.dx.rop.code.ThrowingCstInsn::accept (8 bytes)
Event: 190.359 Thread 0x00007f72980bb800 nmethod 1679 0x00007f728970cbd0 code [0x00007f728970cec0, 0x00007f728970e818]
Event: 190.359 Thread 0x00007f72980bb800 1674       4       com.android.dx.ssa.SsaBasicBlock::getRopLabelSuccessorList (57 bytes)
Event: 190.363 Thread 0x00007f72980b8800 nmethod 1689 0x00007f72896e8050 code [0x00007f72896e81c0, 0x00007f72896e8498]
Event: 192.916 Thread 0x00007f72980b8800 1690 %     4       com.android.dx.ssa.SsaMethod::convertRopToSsaBlocks @ 27 (103 bytes)

GC Heap History (10 events):
Event: 189.246 GC heap after
Heap after GC invocations=12 (full 2):
 PSYoungGen      total 232960K, used 18239K [0x00000000eab00000, 0x0000000100000000, 0x0000000100000000)
  eden space 116736K, 0% used [0x00000000eab00000,0x00000000eab00000,0x00000000f1d00000)
  from space 116224K, 15% used [0x00000000f8e80000,0x00000000fa04ffc8,0x0000000100000000)
  to   space 116224K, 0% used [0x00000000f1d00000,0x00000000f1d00000,0x00000000f8e80000)
 ParOldGen       total 324608K, used 232022K [0x00000000c0000000, 0x00000000d3d00000, 0x00000000eab00000)
  object space 324608K, 71% used [0x00000000c0000000,0x00000000ce295af8,0x00000000d3d00000)
 Metaspace       used 5987K, capacity 6936K, committed 7168K, reserved 1056768K
  class space    used 604K, capacity 656K, committed 768K, reserved 1048576K
}
Event: 189.246 GC heap before
{Heap before GC invocations=13 (full 3):
 PSYoungGen      total 232960K, used 18239K [0x00000000eab00000, 0x0000000100000000, 0x0000000100000000)
  eden space 116736K, 0% used [0x00000000eab00000,0x00000000eab00000,0x00000000f1d00000)
  from space 116224K, 15% used [0x00000000f8e80000,0x00000000fa04ffc8,0x0000000100000000)
  to   space 116224K, 0% used [0x00000000f1d00000,0x00000000f1d00000,0x00000000f8e80000)
 ParOldGen       total 324608K, used 232022K [0x00000000c0000000, 0x00000000d3d00000, 0x00000000eab00000)
  object space 324608K, 71% used [0x00000000c0000000,0x00000000ce295af8,0x00000000d3d00000)
 Metaspace       used 5987K, capacity 6936K, committed 7168K, reserved 1056768K
  class space    used 604K, capacity 656K, committed 768K, reserved 1048576K
Event: 190.192 GC heap after
Heap after GC invocations=13 (full 3):
 PSYoungGen      total 232960K, used 0K [0x00000000eab00000, 0x0000000100000000, 0x0000000100000000)
  eden space 116736K, 0% used [0x00000000eab00000,0x00000000eab00000,0x00000000f1d00000)
  from space 116224K, 0% used [0x00000000f8e80000,0x00000000f8e80000,0x0000000100000000)
  to   space 116224K, 0% used [0x00000000f1d00000,0x00000000f1d00000,0x00000000f8e80000)
 ParOldGen       total 442880K, used 239238K [0x00000000c0000000, 0x00000000db080000, 0x00000000eab00000)
  object space 442880K, 54% used [0x00000000c0000000,0x00000000ce9a1b00,0x00000000db080000)
 Metaspace       used 5987K, capacity 6936K, committed 7168K, reserved 1056768K
  class space    used 604K, capacity 656K, committed 768K, reserved 1048576K
}
Event: 190.310 GC heap before
{Heap before GC invocations=14 (full 3):
 PSYoungGen      total 232960K, used 116736K [0x00000000eab00000, 0x0000000100000000, 0x0000000100000000)
  eden space 116736K, 100% used [0x00000000eab00000,0x00000000f1d00000,0x00000000f1d00000)
  from space 116224K, 0% used [0x00000000f8e80000,0x00000000f8e80000,0x0000000100000000)
  to   space 116224K, 0% used [0x00000000f1d00000,0x00000000f1d00000,0x00000000f8e80000)
 ParOldGen       total 442880K, used 239238K [0x00000000c0000000, 0x00000000db080000, 0x00000000eab00000)
  object space 442880K, 54% used [0x00000000c0000000,0x00000000ce9a1b00,0x00000000db080000)
 Metaspace       used 5992K, capacity 6936K, committed 7168K, reserved 1056768K
  class space    used 604K, capacity 656K, committed 768K, reserved 1048576K
Event: 190.351 GC heap after
Heap after GC invocations=14 (full 3):
 PSYoungGen      total 232960K, used 95363K [0x00000000eab00000, 0x0000000100000000, 0x0000000100000000)
  eden space 116736K, 0% used [0x00000000eab00000,0x00000000eab00000,0x00000000f1d00000)
  from space 116224K, 82% used [0x00000000f1d00000,0x00000000f7a20e78,0x00000000f8e80000)
  to   space 116224K, 0% used [0x00000000f8e80000,0x00000000f8e80000,0x0000000100000000)
 ParOldGen       total 442880K, used 239238K [0x00000000c0000000, 0x00000000db080000, 0x00000000eab00000)
  object space 442880K, 54% used [0x00000000c0000000,0x00000000ce9a1b00,0x00000000db080000)
 Metaspace       used 5992K, capacity 6936K, committed 7168K, reserved 1056768K
  class space    used 604K, capacity 656K, committed 768K, reserved 1048576K
}
Event: 190.374 GC heap before
{Heap before GC invocations=15 (full 3):
 PSYoungGen      total 232960K, used 212099K [0x00000000eab00000, 0x0000000100000000, 0x0000000100000000)
  eden space 116736K, 100% used [0x00000000eab00000,0x00000000f1d00000,0x00000000f1d00000)
  from space 116224K, 82% used [0x00000000f1d00000,0x00000000f7a20e78,0x00000000f8e80000)
  to   space 116224K, 0% used [0x00000000f8e80000,0x00000000f8e80000,0x0000000100000000)
 ParOldGen       total 442880K, used 239238K [0x00000000c0000000, 0x00000000db080000, 0x00000000eab00000)
  object space 442880K, 54% used [0x00000000c0000000,0x00000000ce9a1b00,0x00000000db080000)
 Metaspace       used 5992K, capacity 6936K, committed 7168K, reserved 1056768K
  class space    used 604K, capacity 656K, committed 768K, reserved 1048576K
Event: 192.104 GC heap after
Heap after GC invocations=15 (full 3):
 PSYoungGen      total 232960K, used 116195K [0x00000000eab00000, 0x0000000100000000, 0x0000000100000000)
  eden space 116736K, 0% used [0x00000000eab00000,0x00000000eab00000,0x00000000f1d00000)
  from space 116224K, 99% used [0x00000000f8e80000,0x00000000ffff8e78,0x0000000100000000)
  to   space 116224K, 0% used [0x00000000f1d00000,0x00000000f1d00000,0x00000000f8e80000)
 ParOldGen       total 442880K, used 297222K [0x00000000c0000000, 0x00000000db080000, 0x00000000eab00000)
  object space 442880K, 67% used [0x00000000c0000000,0x00000000d2241b00,0x00000000db080000)
 Metaspace       used 5992K, capacity 6936K, committed 7168K, reserved 1056768K
  class space    used 604K, capacity 656K, committed 768K, reserved 1048576K
}
Event: 193.014 GC heap before
{Heap before GC invocations=16 (full 3):
 PSYoungGen      total 232960K, used 232931K [0x00000000eab00000, 0x0000000100000000, 0x0000000100000000)
  eden space 116736K, 100% used [0x00000000eab00000,0x00000000f1d00000,0x00000000f1d00000)
  from space 116224K, 99% used [0x00000000f8e80000,0x00000000ffff8e78,0x0000000100000000)
  to   space 116224K, 0% used [0x00000000f1d00000,0x00000000f1d00000,0x00000000f8e80000)
 ParOldGen       total 442880K, used 297222K [0x00000000c0000000, 0x00000000db080000, 0x00000000eab00000)
  object space 442880K, 67% used [0x00000000c0000000,0x00000000d2241b00,0x00000000db080000)
 Metaspace       used 5992K, capacity 6936K, committed 7168K, reserved 1056768K
  class space    used 604K, capacity 656K, committed 768K, reserved 1048576K
Event: 195.509 GC heap after
Heap after GC invocations=16 (full 3):
 PSYoungGen      total 232960K, used 33248K [0x00000000eab00000, 0x0000000100000000, 0x0000000100000000)
  eden space 116736K, 0% used [0x00000000eab00000,0x00000000eab00000,0x00000000f1d00000)
  from space 116224K, 28% used [0x00000000f1d00000,0x00000000f3d78000,0x00000000f8e80000)
  to   space 116224K, 0% used [0x00000000f8e80000,0x00000000f8e80000,0x0000000100000000)
 ParOldGen       total 442880K, used 427130K [0x00000000c0000000, 0x00000000db080000, 0x00000000eab00000)
  object space 442880K, 96% used [0x00000000c0000000,0x00000000da11e978,0x00000000db080000)
 Metaspace       used 5992K, capacity 6936K, committed 7168K, reserved 1056768K
  class space    used 604K, capacity 656K, committed 768K, reserved 1048576K
}
Event: 195.899 GC heap before
{Heap before GC invocations=17 (full 4):
 PSYoungGen      total 232960K, used 33248K [0x00000000eab00000, 0x0000000100000000, 0x0000000100000000)
  eden space 116736K, 0% used [0x00000000eab00000,0x00000000eab00000,0x00000000f1d00000)
  from space 116224K, 28% used [0x00000000f1d00000,0x00000000f3d78000,0x00000000f8e80000)
  to   space 116224K, 0% used [0x00000000f8e80000,0x00000000f8e80000,0x0000000100000000)
 ParOldGen       total 442880K, used 427130K [0x00000000c0000000, 0x00000000db080000, 0x00000000eab00000)
  object space 442880K, 96% used [0x00000000c0000000,0x00000000da11e978,0x00000000db080000)
 Metaspace       used 5992K, capacity 6936K, committed 7168K, reserved 1056768K
  class space    used 604K, capacity 656K, committed 768K, reserved 1048576K

Deoptimization events (10 events):
Event: 24.251 Thread 0x00007f729812f000 Uncommon trap: reason=class_check action=maybe_recompile pc=0x00007f72895445e0 method=com.android.dx.rop.cst.CstString.equals(Ljava/lang/Object;)Z @ 1
Event: 164.891 Thread 0x00007f729812f000 Uncommon trap: reason=unstable_if action=reinterpret pc=0x00007f728930c168 method=com.android.dx.ssa.SetFactory.makeLivenessSet(I)Lcom/android/dx/util/IntSet; @ 4
Event: 164.891 Thread 0x00007f729812f000 Uncommon trap: reason=unstable_if action=reinterpret pc=0x00007f728931e7b4 method=com.android.dx.ssa.SetFactory.makeLivenessSet(I)Lcom/android/dx/util/IntSet; @ 4
Event: 164.899 Thread 0x00007f729812f000 Uncommon trap: reason=class_check action=maybe_recompile pc=0x00007f728933fafc method=com.android.dx.ssa.back.InterferenceGraph.add(II)V @ 19
Event: 164.899 Thread 0x00007f729812f000 Uncommon trap: reason=class_check action=maybe_recompile pc=0x00007f728933fafc method=com.android.dx.ssa.back.InterferenceGraph.add(II)V @ 19
Event: 164.899 Thread 0x00007f729812f000 Uncommon trap: reason=class_check action=maybe_recompile pc=0x00007f728933fafc method=com.android.dx.ssa.back.InterferenceGraph.add(II)V @ 19
Event: 164.899 Thread 0x00007f729812f000 Uncommon trap: reason=class_check action=maybe_recompile pc=0x00007f728933fafc method=com.android.dx.ssa.back.InterferenceGraph.add(II)V @ 19
Event: 188.926 Thread 0x00007f729812f000 Uncommon trap: reason=class_check action=maybe_recompile pc=0x00007f72895262ec method=com.android.dx.rop.cst.CstLiteral32.equals(Ljava/lang/Object;)Z @ 20
Event: 188.938 Thread 0x00007f729812f000 Uncommon trap: reason=unstable_if action=reinterpret pc=0x00007f728969a350 method=java.util.HashMap.comparableClassFor(Ljava/lang/Object;)Ljava/lang/Class; @ 4
Event: 188.968 Thread 0x00007f729812f000 Uncommon trap: reason=class_check action=maybe_recompile pc=0x00007f72895262ec method=com.android.dx.rop.cst.CstLiteral32.equals(Ljava/lang/Object;)Z @ 20

Internal exceptions (5 events):
Event: 0.046 Thread 0x00007f729800a000 Exception <a 'java/lang/NoSuchMethodError': Method sun.misc.Unsafe.defineClass(Ljava/lang/String;[BII)Ljava/lang/Class; name or signature does not match> (0x00000000eab07cc0) thrown at [/HUDSON/workspace/8-2-build-linux-amd64/jdk8u91/6644/hotspot/src/shar
Event: 0.046 Thread 0x00007f729800a000 Exception <a 'java/lang/NoSuchMethodError': Method sun.misc.Unsafe.prefetchRead(Ljava/lang/Object;J)V name or signature does not match> (0x00000000eab07fa8) thrown at [/HUDSON/workspace/8-2-build-linux-amd64/jdk8u91/6644/hotspot/src/share/vm/prims/jni.cpp
Event: 2.171 Thread 0x00007f729813f000 Exception <a 'java/lang/ArrayIndexOutOfBoundsException': 18> (0x00000000ec259150) thrown at [/HUDSON/workspace/8-2-build-linux-amd64/jdk8u91/6644/hotspot/src/share/vm/interpreter/interpreterRuntime.cpp, line 366]
Event: 2.181 Thread 0x00007f729813f000 Exception <a 'java/lang/ArrayIndexOutOfBoundsException': 145> (0x00000000ec25acd0) thrown at [/HUDSON/workspace/8-2-build-linux-amd64/jdk8u91/6644/hotspot/src/share/vm/interpreter/interpreterRuntime.cpp, line 366]
Event: 2.181 Thread 0x00007f729813f000 Exception <a 'java/lang/ArrayIndexOutOfBoundsException': 40> (0x00000000ec25bfb8) thrown at [/HUDSON/workspace/8-2-build-linux-amd64/jdk8u91/6644/hotspot/src/share/vm/interpreter/interpreterRuntime.cpp, line 366]

Events (10 events):
Event: 188.976 Thread 0x00007f729812f000 DEOPT UNPACKING pc=0x00007f7289047633 sp=0x00007f728419aeb0 mode 0
Event: 189.023 Thread 0x00007f729812f000 DEOPT PACKING pc=0x00007f728932c96a sp=0x00007f728419b0a0
Event: 189.023 Thread 0x00007f729812f000 DEOPT UNPACKING pc=0x00007f7289047633 sp=0x00007f728419ae90 mode 0
Event: 189.058 Executing VM operation: ParallelGCFailedAllocation
Event: 190.192 Executing VM operation: ParallelGCFailedAllocation done
Event: 190.310 Executing VM operation: ParallelGCFailedAllocation
Event: 190.351 Executing VM operation: ParallelGCFailedAllocation done
Event: 190.374 Executing VM operation: ParallelGCFailedAllocation
Event: 192.751 Executing VM operation: ParallelGCFailedAllocation done
Event: 192.977 Executing VM operation: ParallelGCFailedAllocation


Dynamic libraries:
00400000-00401000 r-xp 00000000 08:05 527569                             /usr/lib/jvm/java-8-oracle/bin/java
00600000-00601000 rw-p 00000000 08:05 527569                             /usr/lib/jvm/java-8-oracle/bin/java
01a4a000-01a6b000 rw-p 00000000 00:00 0                                  [heap]
c0000000-db080000 rw-p 00000000 00:00 0 
e9f80000-eab00000 ---p 00000000 00:00 0 
eab00000-100000000 rw-p 00000000 00:00 0 
100000000-1000c0000 rw-p 00000000 00:00 0 
1000c0000-140000000 ---p 00000000 00:00 0 
7f7238000000-7f7238021000 rw-p 00000000 00:00 0 
7f7238021000-7f723c000000 ---p 00000000 00:00 0 
7f723c000000-7f723c037000 rw-p 00000000 00:00 0 
7f723c037000-7f7240000000 ---p 00000000 00:00 0 
7f7240000000-7f7240021000 rw-p 00000000 00:00 0 
7f7240021000-7f7244000000 ---p 00000000 00:00 0 
7f7244000000-7f7244021000 rw-p 00000000 00:00 0 
7f7244021000-7f7248000000 ---p 00000000 00:00 0 
7f7248000000-7f7248029000 rw-p 00000000 00:00 0 
7f7248029000-7f724c000000 ---p 00000000 00:00 0 
7f724fbfc000-7f724fbff000 ---p 00000000 00:00 0 
7f724fbff000-7f724fcfd000 rw-p 00000000 00:00 0 
7f724fcfd000-7f724fd00000 ---p 00000000 00:00 0 
7f724fd00000-7f724fdfe000 rw-p 00000000 00:00 0 
7f724fdfe000-7f724fe01000 ---p 00000000 00:00 0 
7f724fe01000-7f724feff000 rw-p 00000000 00:00 0 
7f724feff000-7f724ff02000 ---p 00000000 00:00 0 
7f724ff02000-7f7250000000 rw-p 00000000 00:00 0 
7f7250000000-7f7250021000 rw-p 00000000 00:00 0 
7f7250021000-7f7254000000 ---p 00000000 00:00 0 
7f7254000000-7f7254021000 rw-p 00000000 00:00 0 
7f7254021000-7f7258000000 ---p 00000000 00:00 0 
7f7258000000-7f7259322000 rw-p 00000000 00:00 0 
7f7259322000-7f725c000000 ---p 00000000 00:00 0 
7f725c000000-7f725c626000 rw-p 00000000 00:00 0 
7f725c626000-7f7260000000 ---p 00000000 00:00 0 
7f7260000000-7f7260021000 rw-p 00000000 00:00 0 
7f7260021000-7f7264000000 ---p 00000000 00:00 0 
7f7264000000-7f7264feb000 rw-p 00000000 00:00 0 
7f7264feb000-7f7268000000 ---p 00000000 00:00 0 
7f7268000000-7f7268021000 rw-p 00000000 00:00 0 
7f7268021000-7f726c000000 ---p 00000000 00:00 0 
7f726c000000-7f726c021000 rw-p 00000000 00:00 0 
7f726c021000-7f7270000000 ---p 00000000 00:00 0 
7f7270000000-7f7270021000 rw-p 00000000 00:00 0 
7f7270021000-7f7274000000 ---p 00000000 00:00 0 
7f7274000000-7f72742bd000 rw-p 00000000 00:00 0 
7f72742bd000-7f7278000000 ---p 00000000 00:00 0 
7f7278000000-7f7278021000 rw-p 00000000 00:00 0 
7f7278021000-7f727c000000 ---p 00000000 00:00 0 
7f727c000000-7f727c021000 rw-p 00000000 00:00 0 
7f727c021000-7f7280000000 ---p 00000000 00:00 0 
7f7280000000-7f7280021000 rw-p 00000000 00:00 0 
7f7280021000-7f7284000000 ---p 00000000 00:00 0 
7f728409c000-7f728409f000 ---p 00000000 00:00 0 
7f728409f000-7f728419d000 rw-p 00000000 00:00 0 
7f728419d000-7f72841ab000 r--s 000e0000 08:06 6035012                    /home/anshul/Android/Sdk/build-tools/24.0.0/lib/dx.jar
7f72841ab000-7f72841ac000 ---p 00000000 00:00 0 
7f72841ac000-7f72842ac000 rw-p 00000000 00:00 0 
7f72842ac000-7f72842af000 ---p 00000000 00:00 0 
7f72842af000-7f72843ad000 rw-p 00000000 00:00 0 
7f72843ad000-7f72843b0000 ---p 00000000 00:00 0 
7f72843b0000-7f72844ae000 rw-p 00000000 00:00 0 
7f72844ae000-7f72844b1000 ---p 00000000 00:00 0 
7f72844b1000-7f72845af000 rw-p 00000000 00:00 0 
7f72845af000-7f72845b2000 ---p 00000000 00:00 0 
7f72845b2000-7f72846b0000 rw-p 00000000 00:00 0 
7f72846b0000-7f72846b3000 ---p 00000000 00:00 0 
7f72846b3000-7f72847b1000 rw-p 00000000 00:00 0 
7f72847b1000-7f7285170000 r--p 00000000 08:05 532144                     /usr/lib/locale/locale-archive
7f7285170000-7f7285173000 ---p 00000000 00:00 0 
7f7285173000-7f7285271000 rw-p 00000000 00:00 0 
7f7285271000-7f7285274000 ---p 00000000 00:00 0 
7f7285274000-7f7285372000 rw-p 00000000 00:00 0 
7f7285372000-7f7285373000 ---p 00000000 00:00 0 
7f7285373000-7f7286427000 rw-p 00000000 00:00 0 
7f7286427000-7f7286600000 r--s 03d1f000 08:05 536981                     /usr/lib/jvm/java-8-oracle/jre/lib/rt.jar
7f7286600000-7f7286c40000 rw-p 00000000 00:00 0 
7f7286c40000-7f7286e00000 ---p 00000000 00:00 0 
7f7286e00000-7f7289000000 rw-p 00000000 00:00 0 
7f7289000000-7f7289720000 rwxp 00000000 00:00 0 
7f7289720000-7f7298000000 ---p 00000000 00:00 0 
7f7298000000-7f7298390000 rw-p 00000000 00:00 0 
7f7298390000-7f729c000000 ---p 00000000 00:00 0 
7f729c002000-7f729c078000 rw-p 00000000 00:00 0 
7f729c078000-7f729c079000 ---p 00000000 00:00 0 
7f729c079000-7f729c179000 rw-p 00000000 00:00 0 
7f729c179000-7f729c17a000 ---p 00000000 00:00 0 
7f729c17a000-7f729c27a000 rw-p 00000000 00:00 0 
7f729c27a000-7f729c27b000 ---p 00000000 00:00 0 
7f729c27b000-7f729c37b000 rw-p 00000000 00:00 0 
7f729c37b000-7f729c37c000 ---p 00000000 00:00 0 
7f729c37c000-7f729c555000 rw-p 00000000 00:00 0 
7f729c555000-7f729c5d2000 ---p 00000000 00:00 0 
7f729c5d2000-7f729c6ab000 rw-p 00000000 00:00 0 
7f729c6ab000-7f729c727000 ---p 00000000 00:00 0 
7f729c727000-7f729c7d2000 rw-p 00000000 00:00 0 
7f729c7d2000-7f729c7f0000 rw-p 00000000 00:00 0 
7f729c7f0000-7f729cb93000 ---p 00000000 00:00 0 
7f729cb93000-7f729cbad000 r-xp 00000000 08:05 537183                     /usr/lib/jvm/java-8-oracle/jre/lib/amd64/libzip.so
7f729cbad000-7f729cdad000 ---p 0001a000 08:05 537183                     /usr/lib/jvm/java-8-oracle/jre/lib/amd64/libzip.so
7f729cdad000-7f729cdae000 rw-p 0001a000 08:05 537183                     /usr/lib/jvm/java-8-oracle/jre/lib/amd64/libzip.so
7f729cdae000-7f729cdb9000 r-xp 00000000 08:05 2888761                    /lib/x86_64-linux-gnu/libnss_files-2.23.so
7f729cdb9000-7f729cfb8000 ---p 0000b000 08:05 2888761                    /lib/x86_64-linux-gnu/libnss_files-2.23.so
7f729cfb8000-7f729cfb9000 r--p 0000a000 08:05 2888761                    /lib/x86_64-linux-gnu/libnss_files-2.23.so
7f729cfb9000-7f729cfba000 rw-p 0000b000 08:05 2888761                    /lib/x86_64-linux-gnu/libnss_files-2.23.so
7f729cfba000-7f729cfc0000 rw-p 00000000 00:00 0 
7f729cfc0000-7f729cfcb000 r-xp 00000000 08:05 2888771                    /lib/x86_64-linux-gnu/libnss_nis-2.23.so
7f729cfcb000-7f729d1ca000 ---p 0000b000 08:05 2888771                    /lib/x86_64-linux-gnu/libnss_nis-2.23.so
7f729d1ca000-7f729d1cb000 r--p 0000a000 08:05 2888771                    /lib/x86_64-linux-gnu/libnss_nis-2.23.so
7f729d1cb000-7f729d1cc000 rw-p 0000b000 08:05 2888771                    /lib/x86_64-linux-gnu/libnss_nis-2.23.so
7f729d1cc000-7f729d1e2000 r-xp 00000000 08:05 2888755                    /lib/x86_64-linux-gnu/libnsl-2.23.so
7f729d1e2000-7f729d3e1000 ---p 00016000 08:05 2888755                    /lib/x86_64-linux-gnu/libnsl-2.23.so
7f729d3e1000-7f729d3e2000 r--p 00015000 08:05 2888755                    /lib/x86_64-linux-gnu/libnsl-2.23.so
7f729d3e2000-7f729d3e3000 rw-p 00016000 08:05 2888755                    /lib/x86_64-linux-gnu/libnsl-2.23.so
7f729d3e3000-7f729d3e5000 rw-p 00000000 00:00 0 
7f729d3e5000-7f729d3ed000 r-xp 00000000 08:05 2888757                    /lib/x86_64-linux-gnu/libnss_compat-2.23.so
7f729d3ed000-7f729d5ec000 ---p 00008000 08:05 2888757                    /lib/x86_64-linux-gnu/libnss_compat-2.23.so
7f729d5ec000-7f729d5ed000 r--p 00007000 08:05 2888757                    /lib/x86_64-linux-gnu/libnss_compat-2.23.so
7f729d5ed000-7f729d5ee000 rw-p 00008000 08:05 2888757                    /lib/x86_64-linux-gnu/libnss_compat-2.23.so
7f729d5ee000-7f729d618000 r-xp 00000000 08:05 537178                     /usr/lib/jvm/java-8-oracle/jre/lib/amd64/libjava.so
7f729d618000-7f729d818000 ---p 0002a000 08:05 537178                     /usr/lib/jvm/java-8-oracle/jre/lib/amd64/libjava.so
7f729d818000-7f729d81a000 rw-p 0002a000 08:05 537178                     /usr/lib/jvm/java-8-oracle/jre/lib/amd64/libjava.so
7f729d81a000-7f729d827000 r-xp 00000000 08:05 537182                     /usr/lib/jvm/java-8-oracle/jre/lib/amd64/libverify.so
7f729d827000-7f729da27000 ---p 0000d000 08:05 537182                     /usr/lib/jvm/java-8-oracle/jre/lib/amd64/libverify.so
7f729da27000-7f729da29000 rw-p 0000d000 08:05 537182                     /usr/lib/jvm/java-8-oracle/jre/lib/amd64/libverify.so
7f729da29000-7f729da30000 r-xp 00000000 08:05 2888816                    /lib/x86_64-linux-gnu/librt-2.23.so
7f729da30000-7f729dc2f000 ---p 00007000 08:05 2888816                    /lib/x86_64-linux-gnu/librt-2.23.so
7f729dc2f000-7f729dc30000 r--p 00006000 08:05 2888816                    /lib/x86_64-linux-gnu/librt-2.23.so
7f729dc30000-7f729dc31000 rw-p 00007000 08:05 2888816                    /lib/x86_64-linux-gnu/librt-2.23.so
7f729dc31000-7f729dd39000 r-xp 00000000 08:05 2888732                    /lib/x86_64-linux-gnu/libm-2.23.so
7f729dd39000-7f729df38000 ---p 00108000 08:05 2888732                    /lib/x86_64-linux-gnu/libm-2.23.so
7f729df38000-7f729df39000 r--p 00107000 08:05 2888732                    /lib/x86_64-linux-gnu/libm-2.23.so
7f729df39000-7f729df3a000 rw-p 00108000 08:05 2888732                    /lib/x86_64-linux-gnu/libm-2.23.so
7f729df3a000-7f729ebfa000 r-xp 00000000 08:05 537161                     /usr/lib/jvm/java-8-oracle/jre/lib/amd64/server/libjvm.so
7f729ebfa000-7f729edfa000 ---p 00cc0000 08:05 537161                     /usr/lib/jvm/java-8-oracle/jre/lib/amd64/server/libjvm.so
7f729edfa000-7f729eed2000 rw-p 00cc0000 08:05 537161                     /usr/lib/jvm/java-8-oracle/jre/lib/amd64/server/libjvm.so
7f729eed2000-7f729ef1d000 rw-p 00000000 00:00 0 
7f729ef1d000-7f729f0dd000 r-xp 00000000 08:05 2888662                    /lib/x86_64-linux-gnu/libc-2.23.so
7f729f0dd000-7f729f2dc000 ---p 001c0000 08:05 2888662                    /lib/x86_64-linux-gnu/libc-2.23.so
7f729f2dc000-7f729f2e0000 r--p 001bf000 08:05 2888662                    /lib/x86_64-linux-gnu/libc-2.23.so
7f729f2e0000-7f729f2e2000 rw-p 001c3000 08:05 2888662                    /lib/x86_64-linux-gnu/libc-2.23.so
7f729f2e2000-7f729f2e6000 rw-p 00000000 00:00 0 
7f729f2e6000-7f729f2e9000 r-xp 00000000 08:05 2888686                    /lib/x86_64-linux-gnu/libdl-2.23.so
7f729f2e9000-7f729f4e8000 ---p 00003000 08:05 2888686                    /lib/x86_64-linux-gnu/libdl-2.23.so
7f729f4e8000-7f729f4e9000 r--p 00002000 08:05 2888686                    /lib/x86_64-linux-gnu/libdl-2.23.so
7f729f4e9000-7f729f4ea000 rw-p 00003000 08:05 2888686                    /lib/x86_64-linux-gnu/libdl-2.23.so
7f729f4ea000-7f729f4ff000 r-xp 00000000 08:05 536796                     /usr/lib/jvm/java-8-oracle/lib/amd64/jli/libjli.so
7f729f4ff000-7f729f6ff000 ---p 00015000 08:05 536796                     /usr/lib/jvm/java-8-oracle/lib/amd64/jli/libjli.so
7f729f6ff000-7f729f700000 rw-p 00015000 08:05 536796                     /usr/lib/jvm/java-8-oracle/lib/amd64/jli/libjli.so
7f729f700000-7f729f718000 r-xp 00000000 08:05 2888808                    /lib/x86_64-linux-gnu/libpthread-2.23.so
7f729f718000-7f729f917000 ---p 00018000 08:05 2888808                    /lib/x86_64-linux-gnu/libpthread-2.23.so
7f729f917000-7f729f918000 r--p 00017000 08:05 2888808                    /lib/x86_64-linux-gnu/libpthread-2.23.so
7f729f918000-7f729f919000 rw-p 00018000 08:05 2888808                    /lib/x86_64-linux-gnu/libpthread-2.23.so
7f729f919000-7f729f91d000 rw-p 00000000 00:00 0 
7f729f91d000-7f729f943000 r-xp 00000000 08:05 2888634                    /lib/x86_64-linux-gnu/ld-2.23.so
7f729f94b000-7f729fa1d000 rw-p 00000000 00:00 0 
7f729fa1d000-7f729fa20000 ---p 00000000 00:00 0 
7f729fa20000-7f729fb36000 rw-p 00000000 00:00 0 
7f729fb36000-7f729fb3e000 rw-s 00000000 08:05 3146398                    /tmp/hsperfdata_anshul/13860
7f729fb3e000-7f729fb3f000 rw-p 00000000 00:00 0 
7f729fb3f000-7f729fb40000 ---p 00000000 00:00 0 
7f729fb40000-7f729fb42000 rw-p 00000000 00:00 0 
7f729fb42000-7f729fb43000 r--p 00025000 08:05 2888634                    /lib/x86_64-linux-gnu/ld-2.23.so
7f729fb43000-7f729fb44000 rw-p 00026000 08:05 2888634                    /lib/x86_64-linux-gnu/ld-2.23.so
7f729fb44000-7f729fb45000 rw-p 00000000 00:00 0 
7ffe22962000-7ffe22983000 rw-p 00000000 00:00 0                          [stack]
7ffe2298c000-7ffe2298e000 r--p 00000000 00:00 0                          [vvar]
7ffe2298e000-7ffe22990000 r-xp 00000000 00:00 0                          [vdso]
ffffffffff600000-ffffffffff601000 r-xp 00000000 00:00 0                  [vsyscall]

VM Arguments:
jvm_args: -Djava.awt.headless=true -Xmx1024M -Dfile.encoding=UTF-8 -Duser.country=IN -Duser.language=en -Duser.variant 
java_command: com.android.dx.command.Main --dex --force-jumbo --num-threads=4 --multi-dex --output /home/anshul/Downloads/Opinion2/app/build/intermediates/transforms/dex/debug/folders/1000/10/itext-rtf-2.1.7_b8215e43c4fdcb3c6c333dc984b12ab36d7e431a /home/anshul/.gradle/caches/modules-2/files-2.1/com.lowagie/itext-rtf/2.1.7/ed1cbe69ff69c6e6fa7645f51c8d25894a177e7b/itext-rtf-2.1.7.jar
java_class_path (initial): /home/anshul/Android/Sdk/build-tools/24.0.0/lib/dx.jar
Launcher Type: SUN_STANDARD

Environment Variables:
JAVA_HOME=/usr/lib/jvm/java-8-oracle
PATH=/usr/local/sbin:/usr/local/bin:/usr/sbin:/usr/bin:/sbin:/bin:/usr/games:/usr/local/games:/snap/bin:/usr/lib/jvm/java-8-oracle/bin:/usr/lib/jvm/java-8-oracle/db/bin:/usr/lib/jvm/java-8-oracle/jre/bin
SHELL=/bin/bash
DISPLAY=:0

Signal Handlers:
SIGSEGV: [libjvm.so+0xabca10], sa_mask[0]=11111111011111111101111111111110, sa_flags=SA_RESTART|SA_SIGINFO
SIGBUS: [libjvm.so+0xabca10], sa_mask[0]=11111111011111111101111111111110, sa_flags=SA_RESTART|SA_SIGINFO
SIGFPE: [libjvm.so+0x919a20], sa_mask[0]=11111111011111111101111111111110, sa_flags=SA_RESTART|SA_SIGINFO
SIGPIPE: [libjvm.so+0x919a20], sa_mask[0]=11111111011111111101111111111110, sa_flags=SA_RESTART|SA_SIGINFO
SIGXFSZ: [libjvm.so+0x919a20], sa_mask[0]=11111111011111111101111111111110, sa_flags=SA_RESTART|SA_SIGINFO
SIGILL: [libjvm.so+0x919a20], sa_mask[0]=11111111011111111101111111111110, sa_flags=SA_RESTART|SA_SIGINFO
SIGUSR1: SIG_DFL, sa_mask[0]=00000000000000000000000000000000, sa_flags=none
SIGUSR2: [libjvm.so+0x91b050], sa_mask[0]=00100000000000000000000000000000, sa_flags=SA_RESTART|SA_SIGINFO
SIGHUP: [libjvm.so+0x91c450], sa_mask[0]=11111111011111111101111111111110, sa_flags=SA_RESTART|SA_SIGINFO
SIGINT: [libjvm.so+0x91c450], sa_mask[0]=11111111011111111101111111111110, sa_flags=SA_RESTART|SA_SIGINFO
SIGTERM: [libjvm.so+0x91c450], sa_mask[0]=11111111011111111101111111111110, sa_flags=SA_RESTART|SA_SIGINFO
SIGQUIT: [libjvm.so+0x91c450], sa_mask[0]=11111111011111111101111111111110, sa_flags=SA_RESTART|SA_SIGINFO


---------------  S Y S T E M  ---------------

OS:DISTRIB_ID=Ubuntu
DISTRIB_RELEASE=16.04
DISTRIB_CODENAME=xenial
DISTRIB_DESCRIPTION="Ubuntu 16.04 LTS"

uname:Linux 4.4.0-57-generic #78-Ubuntu SMP Fri Dec 9 23:50:32 UTC 2016 x86_64
libc:glibc 2.23 NPTL 2.23 
rlimit: STACK 8192k, CORE 0k, NPROC 31521, NOFILE 65536, AS infinity
load average:55.96 32.01 13.32

/proc/meminfo:
MemTotal:        8109784 kB
MemFree:          132580 kB
MemAvailable:      55724 kB
Buffers:            3176 kB
Cached:           400696 kB
SwapCached:            0 kB
Active:          7374848 kB
Inactive:         347816 kB
Active(anon):    7346972 kB
Inactive(anon):   312900 kB
Active(file):      27876 kB
Inactive(file):    34916 kB
Unevictable:         368 kB
Mlocked:             368 kB
SwapTotal:             0 kB
SwapFree:              0 kB
Dirty:               384 kB
Writeback:             0 kB
AnonPages:       7320044 kB
Mapped:           155912 kB
Shmem:            340196 kB
Slab:             110968 kB
SReclaimable:      61568 kB
SUnreclaim:        49400 kB
KernelStack:       16624 kB
PageTables:        62520 kB
NFS_Unstable:          0 kB
Bounce:                0 kB
WritebackTmp:          0 kB
CommitLimit:     4054892 kB
Committed_AS:   13502612 kB
VmallocTotal:   34359738367 kB
VmallocUsed:           0 kB
VmallocChunk:          0 kB
HardwareCorrupted:     0 kB
AnonHugePages:   2031616 kB
CmaTotal:              0 kB
CmaFree:               0 kB
HugePages_Total:       0
HugePages_Free:        0
HugePages_Rsvd:        0
HugePages_Surp:        0
Hugepagesize:       2048 kB
DirectMap4k:      312000 kB
DirectMap2M:     8011776 kB
DirectMap1G:     1048576 kB


CPU:total 4 (2 cores per cpu, 2 threads per core) family 6 model 69 stepping 1, cmov, cx8, fxsr, mmx, sse, sse2, sse3, ssse3, sse4.1, sse4.2, popcnt, avx, avx2, aes, clmul, erms, lzcnt, ht, tsc, tscinvbit, bmi1, bmi2

/proc/cpuinfo:
processor	: 0
vendor_id	: GenuineIntel
cpu family	: 6
model		: 69
model name	: Intel(R) Core(TM) i5-4210U CPU @ 1.70GHz
stepping	: 1
microcode	: 0x1c
cpu MHz		: 1637.250
cache size	: 3072 KB
physical id	: 0
siblings	: 4
core id		: 0
cpu cores	: 2
apicid		: 0
initial apicid	: 0
fpu		: yes
fpu_exception	: yes
cpuid level	: 13
wp		: yes
flags		: fpu vme de pse tsc msr pae mce cx8 apic sep mtrr pge mca cmov pat pse36 clflush dts acpi mmx fxsr sse sse2 ss ht tm pbe syscall nx pdpe1gb rdtscp lm constant_tsc arch_perfmon pebs bts rep_good nopl xtopology nonstop_tsc aperfmperf eagerfpu pni pclmulqdq dtes64 monitor ds_cpl vmx est tm2 ssse3 sdbg fma cx16 xtpr pdcm pcid sse4_1 sse4_2 movbe popcnt tsc_deadline_timer aes xsave avx f16c rdrand lahf_lm abm epb tpr_shadow vnmi flexpriority ept vpid fsgsbase tsc_adjust bmi1 avx2 smep bmi2 erms invpcid xsaveopt dtherm ida arat pln pts
bugs		:
bogomips	: 4788.86
clflush size	: 64
cache_alignment	: 64
address sizes	: 39 bits physical, 48 bits virtual
power management:

processor	: 1
vendor_id	: GenuineIntel
cpu family	: 6
model		: 69
model name	: Intel(R) Core(TM) i5-4210U CPU @ 1.70GHz
stepping	: 1
microcode	: 0x1c
cpu MHz		: 2364.562
cache size	: 3072 KB
physical id	: 0
siblings	: 4
core id		: 0
cpu cores	: 2
apicid		: 1
initial apicid	: 1
fpu		: yes
fpu_exception	: yes
cpuid level	: 13
wp		: yes
flags		: fpu vme de pse tsc msr pae mce cx8 apic sep mtrr pge mca cmov pat pse36 clflush dts acpi mmx fxsr sse sse2 ss ht tm pbe syscall nx pdpe1gb rdtscp lm constant_tsc arch_perfmon pebs bts rep_good nopl xtopology nonstop_tsc aperfmperf eagerfpu pni pclmulqdq dtes64 monitor ds_cpl vmx est tm2 ssse3 sdbg fma cx16 xtpr pdcm pcid sse4_1 sse4_2 movbe popcnt tsc_deadline_timer aes xsave avx f16c rdrand lahf_lm abm epb tpr_shadow vnmi flexpriority ept vpid fsgsbase tsc_adjust bmi1 avx2 smep bmi2 erms invpcid xsaveopt dtherm ida arat pln pts
bugs		:
bogomips	: 4788.86
clflush size	: 64
cache_alignment	: 64
address sizes	: 39 bits physical, 48 bits virtual
power management:

processor	: 2
vendor_id	: GenuineIntel
cpu family	: 6
model		: 69
model name	: Intel(R) Core(TM) i5-4210U CPU @ 1.70GHz
stepping	: 1
microcode	: 0x1c
cpu MHz		: 1669.593
cache size	: 3072 KB
physical id	: 0
siblings	: 4
core id		: 1
cpu cores	: 2
apicid		: 2
initial apicid	: 2
fpu		: yes
fpu_exception	: yes
cpuid level	: 13
wp		: yes
flags		: fpu vme de pse tsc msr pae mce cx8 apic sep mtrr pge mca cmov pat pse36 clflush dts acpi mmx fxsr sse sse2 ss ht tm pbe syscall nx pdpe1gb rdtscp lm constant_tsc arch_perfmon pebs bts rep_good nopl xtopology nonstop_tsc aperfmperf eagerfpu pni pclmulqdq dtes64 monitor ds_cpl vmx est tm2 ssse3 sdbg fma cx16 xtpr pdcm pcid sse4_1 sse4_2 movbe popcnt tsc_deadline_timer aes xsave avx f16c rdrand lahf_lm abm epb tpr_shadow vnmi flexpriority ept vpid fsgsbase tsc_adjust bmi1 avx2 smep bmi2 erms invpcid xsaveopt dtherm ida arat pln pts
bugs		:
bogomips	: 4788.86
clflush size	: 64
cache_alignment	: 64
address sizes	: 39 bits physical, 48 bits virtual
power management:

processor	: 3
vendor_id	: GenuineIntel
cpu family	: 6
model		: 69
model name	: Intel(R) Core(TM) i5-4210U CPU @ 1.70GHz
stepping	: 1
microcode	: 0x1c
cpu MHz		: 1891.687
cache size	: 3072 KB
physical id	: 0
siblings	: 4
core id		: 1
cpu cores	: 2
apicid		: 3
initial apicid	: 3
fpu		: yes
fpu_exception	: yes
cpuid level	: 13
wp		: yes
flags		: fpu vme de pse tsc msr pae mce cx8 apic sep mtrr pge mca cmov pat pse36 clflush dts acpi mmx fxsr sse sse2 ss ht tm pbe syscall nx pdpe1gb rdtscp lm constant_tsc arch_perfmon pebs bts rep_good nopl xtopology nonstop_tsc aperfmperf eagerfpu pni pclmulqdq dtes64 monitor ds_cpl vmx est tm2 ssse3 sdbg fma cx16 xtpr pdcm pcid sse4_1 sse4_2 movbe popcnt tsc_deadline_timer aes xsave avx f16c rdrand lahf_lm abm epb tpr_shadow vnmi flexpriority ept vpid fsgsbase tsc_adjust bmi1 avx2 smep bmi2 erms invpcid xsaveopt dtherm ida arat pln pts
bugs		:
bogomips	: 4788.86
clflush size	: 64
cache_alignment	: 64
address sizes	: 39 bits physical, 48 bits virtual
power management:



Memory: 4k page, physical 8109784k(132580k free), swap 0k(0k free)

vm_info: Java HotSpot(TM) 64-Bit Server VM (25.91-b14) for linux-amd64 JRE (1.8.0_91-b14), built on Apr  1 2016 00:57:21 by "java_re" with gcc 4.3.0 20080428 (Red Hat 4.3.0-8)

time: Tue Dec 27 05:32:23 2016
elapsed time: 208 seconds (0d 0h 3m 28s)

